{"C:\\Users\\57316\\Desktop\\Bootcamp_Jalasoft\\Backend\\FinalWork_ChessAPI\\entity\\bishop.ts": {"path":"C:\\Users\\57316\\Desktop\\Bootcamp_Jalasoft\\Backend\\FinalWork_ChessAPI\\entity\\bishop.ts","statementMap":{"0":{"start":{"line":1,"column":0},"end":{"line":1,"column":32}},"1":{"start":{"line":7,"column":8},"end":{"line":9,"column":null}},"2":{"start":{"line":8,"column":12},"end":{"line":8,"column":25}},"3":{"start":{"line":11,"column":8},"end":{"line":12,"column":53}},"4":{"start":{"line":4,"column":0},"end":{"line":4,"column":13}}},"fnMap":{"0":{"name":"(anonymous_0)","decl":{"start":{"line":6,"column":4},"end":{"line":6,"column":13}},"loc":{"start":{"line":6,"column":34},"end":{"line":13,"column":5}}}},"branchMap":{"0":{"loc":{"start":{"line":7,"column":8},"end":{"line":9,"column":null}},"type":"if","locations":[{"start":{"line":7,"column":8},"end":{"line":9,"column":null}}]},"1":{"loc":{"start":{"line":11,"column":15},"end":{"line":12,"column":52}},"type":"binary-expr","locations":[{"start":{"line":11,"column":15},"end":{"line":11,"column":56}},{"start":{"line":12,"column":16},"end":{"line":12,"column":52}}]}},"s":{"0":4,"1":269,"2":5,"3":264,"4":4},"f":{"0":269},"b":{"0":[5],"1":[264,203]}}
,"C:\\Users\\57316\\Desktop\\Bootcamp_Jalasoft\\Backend\\FinalWork_ChessAPI\\entity\\board.ts": {"path":"C:\\Users\\57316\\Desktop\\Bootcamp_Jalasoft\\Backend\\FinalWork_ChessAPI\\entity\\board.ts","statementMap":{"0":{"start":{"line":3,"column":0},"end":{"line":3,"column":51}},"1":{"start":{"line":7,"column":24},"end":{"line":7,"column":41}},"2":{"start":{"line":10,"column":8},"end":{"line":10,"column":31}},"3":{"start":{"line":14,"column":8},"end":{"line":14,"column":28}},"4":{"start":{"line":18,"column":8},"end":{"line":18,"column":49}},"5":{"start":{"line":5,"column":0},"end":{"line":5,"column":13}}},"fnMap":{"0":{"name":"(anonymous_0)","decl":{"start":{"line":7,"column":4},"end":{"line":7,"column":24}},"loc":{"start":{"line":7,"column":41},"end":{"line":7,"column":44}}},"1":{"name":"(anonymous_1)","decl":{"start":{"line":9,"column":4},"end":{"line":9,"column":14}},"loc":{"start":{"line":9,"column":32},"end":{"line":11,"column":5}}},"2":{"name":"(anonymous_2)","decl":{"start":{"line":13,"column":4},"end":{"line":13,"column":14}},"loc":{"start":{"line":13,"column":14},"end":{"line":15,"column":5}}},"3":{"name":"(anonymous_3)","decl":{"start":{"line":17,"column":4},"end":{"line":17,"column":19}},"loc":{"start":{"line":17,"column":42},"end":{"line":19,"column":5}}}},"branchMap":{},"s":{"0":4,"1":20,"2":0,"3":320,"4":314,"5":4},"f":{"0":20,"1":0,"2":320,"3":314},"b":{}}
,"C:\\Users\\57316\\Desktop\\Bootcamp_Jalasoft\\Backend\\FinalWork_ChessAPI\\entity\\game.ts": {"path":"C:\\Users\\57316\\Desktop\\Bootcamp_Jalasoft\\Backend\\FinalWork_ChessAPI\\entity\\game.ts","statementMap":{"0":{"start":{"line":11,"column":24},"end":{"line":11,"column":34}},"1":{"start":{"line":12,"column":24},"end":{"line":12,"column":41}},"2":{"start":{"line":13,"column":24},"end":{"line":13,"column":36}},"3":{"start":{"line":7,"column":12},"end":{"line":7,"column":29}},"4":{"start":{"line":8,"column":12},"end":{"line":8,"column":50}},"5":{"start":{"line":9,"column":12},"end":{"line":9,"column":34}},"6":{"start":{"line":16,"column":8},"end":{"line":16,"column":23}},"7":{"start":{"line":20,"column":8},"end":{"line":20,"column":26}},"8":{"start":{"line":24,"column":8},"end":{"line":24,"column":27}},"9":{"start":{"line":28,"column":8},"end":{"line":28,"column":28}},"10":{"start":{"line":32,"column":8},"end":{"line":32,"column":25}},"11":{"start":{"line":36,"column":8},"end":{"line":36,"column":25}},"12":{"start":{"line":40,"column":8},"end":{"line":40,"column":27}},"13":{"start":{"line":44,"column":8},"end":{"line":44,"column":29}},"14":{"start":{"line":48,"column":8},"end":{"line":48,"column":25}},"15":{"start":{"line":52,"column":8},"end":{"line":52,"column":25}},"16":{"start":{"line":5,"column":0},"end":{"line":5,"column":13}}},"fnMap":{"0":{"name":"(anonymous_0)","decl":{"start":{"line":11,"column":4},"end":{"line":11,"column":24}},"loc":{"start":{"line":13,"column":36},"end":{"line":13,"column":39}}},"1":{"name":"(anonymous_1)","decl":{"start":{"line":15,"column":4},"end":{"line":15,"column":9}},"loc":{"start":{"line":15,"column":9},"end":{"line":17,"column":5}}},"2":{"name":"(anonymous_2)","decl":{"start":{"line":19,"column":4},"end":{"line":19,"column":12}},"loc":{"start":{"line":19,"column":12},"end":{"line":21,"column":5}}},"3":{"name":"(anonymous_3)","decl":{"start":{"line":23,"column":4},"end":{"line":23,"column":12}},"loc":{"start":{"line":23,"column":25},"end":{"line":25,"column":5}}},"4":{"name":"(anonymous_4)","decl":{"start":{"line":27,"column":4},"end":{"line":27,"column":14}},"loc":{"start":{"line":27,"column":14},"end":{"line":29,"column":5}}},"5":{"name":"(anonymous_5)","decl":{"start":{"line":31,"column":4},"end":{"line":31,"column":11}},"loc":{"start":{"line":31,"column":11},"end":{"line":33,"column":5}}},"6":{"name":"(anonymous_6)","decl":{"start":{"line":35,"column":4},"end":{"line":35,"column":11}},"loc":{"start":{"line":35,"column":24},"end":{"line":37,"column":5}}},"7":{"name":"(anonymous_7)","decl":{"start":{"line":39,"column":4},"end":{"line":39,"column":13}},"loc":{"start":{"line":39,"column":13},"end":{"line":41,"column":5}}},"8":{"name":"(anonymous_8)","decl":{"start":{"line":43,"column":4},"end":{"line":43,"column":13}},"loc":{"start":{"line":43,"column":32},"end":{"line":45,"column":5}}},"9":{"name":"(anonymous_9)","decl":{"start":{"line":47,"column":4},"end":{"line":47,"column":11}},"loc":{"start":{"line":47,"column":11},"end":{"line":49,"column":5}}},"10":{"name":"(anonymous_10)","decl":{"start":{"line":51,"column":4},"end":{"line":51,"column":11}},"loc":{"start":{"line":51,"column":23},"end":{"line":53,"column":5}}}},"branchMap":{},"s":{"0":20,"1":20,"2":20,"3":20,"4":20,"5":20,"6":0,"7":0,"8":44,"9":0,"10":57,"11":44,"12":44,"13":13,"14":91,"15":44,"16":4},"f":{"0":20,"1":0,"2":0,"3":44,"4":0,"5":57,"6":44,"7":44,"8":13,"9":91,"10":44},"b":{}}
,"C:\\Users\\57316\\Desktop\\Bootcamp_Jalasoft\\Backend\\FinalWork_ChessAPI\\entity\\king.ts": {"path":"C:\\Users\\57316\\Desktop\\Bootcamp_Jalasoft\\Backend\\FinalWork_ChessAPI\\entity\\king.ts","statementMap":{"0":{"start":{"line":1,"column":0},"end":{"line":1,"column":32}},"1":{"start":{"line":7,"column":8},"end":{"line":9,"column":null}},"2":{"start":{"line":8,"column":12},"end":{"line":8,"column":25}},"3":{"start":{"line":11,"column":8},"end":{"line":12,"column":57}},"4":{"start":{"line":4,"column":0},"end":{"line":4,"column":13}}},"fnMap":{"0":{"name":"(anonymous_0)","decl":{"start":{"line":6,"column":4},"end":{"line":6,"column":13}},"loc":{"start":{"line":6,"column":34},"end":{"line":13,"column":5}}}},"branchMap":{"0":{"loc":{"start":{"line":7,"column":8},"end":{"line":9,"column":null}},"type":"if","locations":[{"start":{"line":7,"column":8},"end":{"line":9,"column":null}}]},"1":{"loc":{"start":{"line":11,"column":15},"end":{"line":12,"column":56}},"type":"binary-expr","locations":[{"start":{"line":11,"column":15},"end":{"line":11,"column":56}},{"start":{"line":12,"column":16},"end":{"line":12,"column":56}}]}},"s":{"0":5,"1":13,"2":1,"3":12,"4":5},"f":{"0":13},"b":{"0":[1],"1":[12,11]}}
,"C:\\Users\\57316\\Desktop\\Bootcamp_Jalasoft\\Backend\\FinalWork_ChessAPI\\entity\\knight.ts": {"path":"C:\\Users\\57316\\Desktop\\Bootcamp_Jalasoft\\Backend\\FinalWork_ChessAPI\\entity\\knight.ts","statementMap":{"0":{"start":{"line":1,"column":0},"end":{"line":1,"column":32}},"1":{"start":{"line":7,"column":8},"end":{"line":9,"column":null}},"2":{"start":{"line":8,"column":12},"end":{"line":8,"column":25}},"3":{"start":{"line":11,"column":8},"end":{"line":12,"column":51}},"4":{"start":{"line":4,"column":0},"end":{"line":4,"column":13}}},"fnMap":{"0":{"name":"(anonymous_0)","decl":{"start":{"line":6,"column":4},"end":{"line":6,"column":13}},"loc":{"start":{"line":6,"column":34},"end":{"line":13,"column":5}}}},"branchMap":{"0":{"loc":{"start":{"line":7,"column":8},"end":{"line":9,"column":null}},"type":"if","locations":[{"start":{"line":7,"column":8},"end":{"line":9,"column":null}}]},"1":{"loc":{"start":{"line":11,"column":15},"end":{"line":12,"column":50}},"type":"binary-expr","locations":[{"start":{"line":11,"column":15},"end":{"line":11,"column":56}},{"start":{"line":12,"column":16},"end":{"line":12,"column":50}}]}},"s":{"0":5,"1":17,"2":1,"3":16,"4":5},"f":{"0":17},"b":{"0":[1],"1":[16,15]}}
,"C:\\Users\\57316\\Desktop\\Bootcamp_Jalasoft\\Backend\\FinalWork_ChessAPI\\entity\\message.ts": {"path":"C:\\Users\\57316\\Desktop\\Bootcamp_Jalasoft\\Backend\\FinalWork_ChessAPI\\entity\\message.ts","statementMap":{"0":{"start":{"line":3,"column":24},"end":{"line":3,"column":39}},"1":{"start":{"line":1,"column":0},"end":{"line":1,"column":13}}},"fnMap":{"0":{"name":"(anonymous_0)","decl":{"start":{"line":3,"column":4},"end":{"line":3,"column":24}},"loc":{"start":{"line":3,"column":39},"end":{"line":3,"column":43}}}},"branchMap":{},"s":{"0":24,"1":4},"f":{"0":24},"b":{}}
,"C:\\Users\\57316\\Desktop\\Bootcamp_Jalasoft\\Backend\\FinalWork_ChessAPI\\entity\\pawn.ts": {"path":"C:\\Users\\57316\\Desktop\\Bootcamp_Jalasoft\\Backend\\FinalWork_ChessAPI\\entity\\pawn.ts","statementMap":{"0":{"start":{"line":1,"column":0},"end":{"line":1,"column":51}},"1":{"start":{"line":2,"column":0},"end":{"line":2,"column":32}},"2":{"start":{"line":9,"column":8},"end":{"line":11,"column":null}},"3":{"start":{"line":10,"column":12},"end":{"line":10,"column":25}},"4":{"start":{"line":13,"column":8},"end":{"line":15,"column":73}},"5":{"start":{"line":19,"column":8},"end":{"line":23,"column":null}},"6":{"start":{"line":20,"column":12},"end":{"line":20,"column":40}},"7":{"start":{"line":22,"column":12},"end":{"line":22,"column":40}},"8":{"start":{"line":29,"column":8},"end":{"line":33,"column":null}},"9":{"start":{"line":30,"column":12},"end":{"line":30,"column":29}},"10":{"start":{"line":32,"column":12},"end":{"line":32,"column":30}},"11":{"start":{"line":35,"column":8},"end":{"line":37,"column":73}},"12":{"start":{"line":43,"column":8},"end":{"line":47,"column":null}},"13":{"start":{"line":44,"column":12},"end":{"line":44,"column":29}},"14":{"start":{"line":46,"column":12},"end":{"line":46,"column":30}},"15":{"start":{"line":49,"column":8},"end":{"line":51,"column":73}},"16":{"start":{"line":55,"column":8},"end":{"line":57,"column":null}},"17":{"start":{"line":56,"column":12},"end":{"line":56,"column":25}},"18":{"start":{"line":61,"column":8},"end":{"line":65,"column":null}},"19":{"start":{"line":62,"column":12},"end":{"line":62,"column":29}},"20":{"start":{"line":64,"column":12},"end":{"line":64,"column":30}},"21":{"start":{"line":67,"column":8},"end":{"line":69,"column":73}},"22":{"start":{"line":6,"column":0},"end":{"line":6,"column":13}}},"fnMap":{"0":{"name":"(anonymous_0)","decl":{"start":{"line":8,"column":4},"end":{"line":8,"column":13}},"loc":{"start":{"line":8,"column":34},"end":{"line":16,"column":5}}},"1":{"name":"(anonymous_1)","decl":{"start":{"line":18,"column":4},"end":{"line":18,"column":15}},"loc":{"start":{"line":18,"column":33},"end":{"line":24,"column":5}}},"2":{"name":"(anonymous_2)","decl":{"start":{"line":26,"column":4},"end":{"line":26,"column":24}},"loc":{"start":{"line":26,"column":64},"end":{"line":38,"column":5}}},"3":{"name":"(anonymous_3)","decl":{"start":{"line":40,"column":4},"end":{"line":40,"column":26}},"loc":{"start":{"line":40,"column":66},"end":{"line":52,"column":5}}},"4":{"name":"(anonymous_4)","decl":{"start":{"line":54,"column":4},"end":{"line":54,"column":27}},"loc":{"start":{"line":54,"column":67},"end":{"line":70,"column":5}}}},"branchMap":{"0":{"loc":{"start":{"line":9,"column":8},"end":{"line":11,"column":null}},"type":"if","locations":[{"start":{"line":9,"column":8},"end":{"line":11,"column":null}}]},"1":{"loc":{"start":{"line":13,"column":15},"end":{"line":15,"column":72}},"type":"binary-expr","locations":[{"start":{"line":13,"column":15},"end":{"line":13,"column":74}},{"start":{"line":14,"column":16},"end":{"line":14,"column":74}},{"start":{"line":15,"column":16},"end":{"line":15,"column":72}}]},"2":{"loc":{"start":{"line":19,"column":8},"end":{"line":23,"column":null}},"type":"if","locations":[{"start":{"line":19,"column":8},"end":{"line":23,"column":null}},{"start":{"line":21,"column":15},"end":{"line":23,"column":null}}]},"3":{"loc":{"start":{"line":29,"column":8},"end":{"line":33,"column":null}},"type":"if","locations":[{"start":{"line":29,"column":8},"end":{"line":33,"column":null}},{"start":{"line":31,"column":15},"end":{"line":33,"column":null}}]},"4":{"loc":{"start":{"line":35,"column":15},"end":{"line":37,"column":72}},"type":"binary-expr","locations":[{"start":{"line":35,"column":15},"end":{"line":35,"column":61}},{"start":{"line":36,"column":16},"end":{"line":36,"column":95}},{"start":{"line":37,"column":16},"end":{"line":37,"column":72}}]},"5":{"loc":{"start":{"line":43,"column":8},"end":{"line":47,"column":null}},"type":"if","locations":[{"start":{"line":43,"column":8},"end":{"line":47,"column":null}},{"start":{"line":45,"column":15},"end":{"line":47,"column":null}}]},"6":{"loc":{"start":{"line":49,"column":15},"end":{"line":51,"column":72}},"type":"binary-expr","locations":[{"start":{"line":49,"column":15},"end":{"line":49,"column":37}},{"start":{"line":50,"column":16},"end":{"line":50,"column":85}},{"start":{"line":51,"column":16},"end":{"line":51,"column":72}}]},"7":{"loc":{"start":{"line":55,"column":8},"end":{"line":57,"column":null}},"type":"if","locations":[{"start":{"line":55,"column":8},"end":{"line":57,"column":null}}]},"8":{"loc":{"start":{"line":61,"column":8},"end":{"line":65,"column":null}},"type":"if","locations":[{"start":{"line":61,"column":8},"end":{"line":65,"column":null}},{"start":{"line":63,"column":15},"end":{"line":65,"column":null}}]},"9":{"loc":{"start":{"line":67,"column":15},"end":{"line":69,"column":72}},"type":"binary-expr","locations":[{"start":{"line":67,"column":15},"end":{"line":67,"column":37}},{"start":{"line":68,"column":16},"end":{"line":68,"column":85}},{"start":{"line":69,"column":16},"end":{"line":69,"column":72}}]}},"s":{"0":6,"1":6,"2":2720,"3":43,"4":2677,"5":2677,"6":1652,"7":1025,"8":2598,"9":1603,"10":995,"11":2598,"12":2640,"13":1629,"14":1011,"15":2640,"16":2677,"17":443,"18":2234,"19":1399,"20":835,"21":2234,"22":6},"f":{"0":2720,"1":2677,"2":2598,"3":2640,"4":2677},"b":{"0":[43],"1":[2677,2640,2598],"2":[1652,1025],"3":[1603,995],"4":[2598,681,156],"5":[1629,1011],"6":[2640,1324,142],"7":[443],"8":[1399,835],"9":[2234,1135,149]}}
,"C:\\Users\\57316\\Desktop\\Bootcamp_Jalasoft\\Backend\\FinalWork_ChessAPI\\entity\\piece.ts": {"path":"C:\\Users\\57316\\Desktop\\Bootcamp_Jalasoft\\Backend\\FinalWork_ChessAPI\\entity\\piece.ts","statementMap":{"0":{"start":{"line":1,"column":0},"end":{"line":1,"column":51}},"1":{"start":{"line":7,"column":33},"end":{"line":7,"column":53}},"2":{"start":{"line":8,"column":33},"end":{"line":8,"column":45}},"3":{"start":{"line":9,"column":24},"end":{"line":9,"column":34}},"4":{"start":{"line":10,"column":24},"end":{"line":10,"column":34}},"5":{"start":{"line":15,"column":8},"end":{"line":16,"column":66}},"6":{"start":{"line":20,"column":8},"end":{"line":21,"column":94}},"7":{"start":{"line":25,"column":45},"end":{"line":26,"column":99}},"8":{"start":{"line":28,"column":47},"end":{"line":29,"column":103}},"9":{"start":{"line":31,"column":8},"end":{"line":31,"column":60}},"10":{"start":{"line":35,"column":8},"end":{"line":36,"column":70}},"11":{"start":{"line":40,"column":8},"end":{"line":41,"column":94}},"12":{"start":{"line":45,"column":8},"end":{"line":46,"column":53}},"13":{"start":{"line":50,"column":8},"end":{"line":50,"column":25}},"14":{"start":{"line":51,"column":8},"end":{"line":51,"column":25}},"15":{"start":{"line":55,"column":8},"end":{"line":55,"column":26}},"16":{"start":{"line":59,"column":8},"end":{"line":59,"column":25}},"17":{"start":{"line":63,"column":8},"end":{"line":63,"column":25}},"18":{"start":{"line":67,"column":8},"end":{"line":67,"column":25}},"19":{"start":{"line":71,"column":8},"end":{"line":71,"column":25}},"20":{"start":{"line":75,"column":8},"end":{"line":75,"column":30}},"21":{"start":{"line":5,"column":0},"end":{"line":5,"column":22}}},"fnMap":{"0":{"name":"(anonymous_0)","decl":{"start":{"line":7,"column":4},"end":{"line":7,"column":33}},"loc":{"start":{"line":10,"column":34},"end":{"line":10,"column":38}}},"1":{"name":"(anonymous_1)","decl":{"start":{"line":14,"column":4},"end":{"line":14,"column":21}},"loc":{"start":{"line":14,"column":42},"end":{"line":17,"column":5}}},"2":{"name":"(anonymous_2)","decl":{"start":{"line":19,"column":4},"end":{"line":19,"column":25}},"loc":{"start":{"line":19,"column":46},"end":{"line":22,"column":5}}},"3":{"name":"(anonymous_3)","decl":{"start":{"line":24,"column":4},"end":{"line":24,"column":19}},"loc":{"start":{"line":24,"column":40},"end":{"line":32,"column":5}}},"4":{"name":"(anonymous_4)","decl":{"start":{"line":34,"column":4},"end":{"line":34,"column":21}},"loc":{"start":{"line":34,"column":42},"end":{"line":37,"column":5}}},"5":{"name":"(anonymous_5)","decl":{"start":{"line":39,"column":4},"end":{"line":39,"column":23}},"loc":{"start":{"line":39,"column":44},"end":{"line":42,"column":5}}},"6":{"name":"(anonymous_6)","decl":{"start":{"line":44,"column":4},"end":{"line":44,"column":31}},"loc":{"start":{"line":44,"column":52},"end":{"line":47,"column":5}}},"7":{"name":"(anonymous_7)","decl":{"start":{"line":49,"column":4},"end":{"line":49,"column":10}},"loc":{"start":{"line":49,"column":33},"end":{"line":52,"column":5}}},"8":{"name":"(anonymous_8)","decl":{"start":{"line":54,"column":4},"end":{"line":54,"column":12}},"loc":{"start":{"line":54,"column":12},"end":{"line":56,"column":5}}},"9":{"name":"(anonymous_9)","decl":{"start":{"line":58,"column":4},"end":{"line":58,"column":11}},"loc":{"start":{"line":58,"column":11},"end":{"line":60,"column":5}}},"10":{"name":"(anonymous_10)","decl":{"start":{"line":62,"column":4},"end":{"line":62,"column":11}},"loc":{"start":{"line":62,"column":11},"end":{"line":64,"column":5}}},"11":{"name":"(anonymous_11)","decl":{"start":{"line":66,"column":4},"end":{"line":66,"column":11}},"loc":{"start":{"line":66,"column":22},"end":{"line":68,"column":5}}},"12":{"name":"(anonymous_12)","decl":{"start":{"line":70,"column":4},"end":{"line":70,"column":11}},"loc":{"start":{"line":70,"column":22},"end":{"line":72,"column":5}}},"13":{"name":"(anonymous_13)","decl":{"start":{"line":74,"column":4},"end":{"line":74,"column":11}},"loc":{"start":{"line":74,"column":11},"end":{"line":76,"column":5}}}},"branchMap":{"0":{"loc":{"start":{"line":20,"column":15},"end":{"line":21,"column":93}},"type":"binary-expr","locations":[{"start":{"line":20,"column":15},"end":{"line":20,"column":69}},{"start":{"line":21,"column":16},"end":{"line":21,"column":93}}]},"1":{"loc":{"start":{"line":25,"column":45},"end":{"line":26,"column":99}},"type":"binary-expr","locations":[{"start":{"line":25,"column":45},"end":{"line":25,"column":124}},{"start":{"line":26,"column":44},"end":{"line":26,"column":99}}]},"2":{"loc":{"start":{"line":28,"column":47},"end":{"line":29,"column":103}},"type":"binary-expr","locations":[{"start":{"line":28,"column":47},"end":{"line":28,"column":126}},{"start":{"line":29,"column":48},"end":{"line":29,"column":103}}]},"3":{"loc":{"start":{"line":31,"column":15},"end":{"line":31,"column":59}},"type":"binary-expr","locations":[{"start":{"line":31,"column":15},"end":{"line":31,"column":36}},{"start":{"line":31,"column":40},"end":{"line":31,"column":59}}]},"4":{"loc":{"start":{"line":35,"column":15},"end":{"line":36,"column":69}},"type":"binary-expr","locations":[{"start":{"line":35,"column":15},"end":{"line":35,"column":94}},{"start":{"line":36,"column":16},"end":{"line":36,"column":69}}]},"5":{"loc":{"start":{"line":40,"column":15},"end":{"line":41,"column":93}},"type":"binary-expr","locations":[{"start":{"line":40,"column":15},"end":{"line":40,"column":70}},{"start":{"line":41,"column":16},"end":{"line":41,"column":93}}]},"6":{"loc":{"start":{"line":45,"column":15},"end":{"line":46,"column":52}},"type":"binary-expr","locations":[{"start":{"line":45,"column":15},"end":{"line":45,"column":51}},{"start":{"line":46,"column":16},"end":{"line":46,"column":52}}]}},"s":{"0":6,"1":673,"2":673,"3":673,"4":673,"5":502,"6":11,"7":15,"8":15,"9":15,"10":822,"11":850,"12":4195,"13":44,"14":44,"15":11435,"16":4596,"17":4678,"18":0,"19":0,"20":64,"21":6},"f":{"0":673,"1":502,"2":11,"3":15,"4":822,"5":850,"6":4195,"7":44,"8":11435,"9":4596,"10":4678,"11":0,"12":0,"13":64},"b":{"0":[11,10],"1":[15,6],"2":[15,7],"3":[15,10],"4":[822,114],"5":[850,28],"6":[4195,548]}}
,"C:\\Users\\57316\\Desktop\\Bootcamp_Jalasoft\\Backend\\FinalWork_ChessAPI\\entity\\player.ts": {"path":"C:\\Users\\57316\\Desktop\\Bootcamp_Jalasoft\\Backend\\FinalWork_ChessAPI\\entity\\player.ts","statementMap":{"0":{"start":{"line":5,"column":24},"end":{"line":5,"column":34}},"1":{"start":{"line":6,"column":24},"end":{"line":6,"column":36}},"2":{"start":{"line":9,"column":8},"end":{"line":9,"column":23}},"3":{"start":{"line":13,"column":8},"end":{"line":13,"column":26}},"4":{"start":{"line":3,"column":0},"end":{"line":3,"column":13}}},"fnMap":{"0":{"name":"(anonymous_0)","decl":{"start":{"line":5,"column":4},"end":{"line":5,"column":24}},"loc":{"start":{"line":6,"column":36},"end":{"line":6,"column":40}}},"1":{"name":"(anonymous_1)","decl":{"start":{"line":8,"column":4},"end":{"line":8,"column":9}},"loc":{"start":{"line":8,"column":9},"end":{"line":10,"column":5}}},"2":{"name":"(anonymous_2)","decl":{"start":{"line":12,"column":4},"end":{"line":12,"column":12}},"loc":{"start":{"line":12,"column":12},"end":{"line":14,"column":5}}}},"branchMap":{},"s":{"0":40,"1":40,"2":0,"3":0,"4":4},"f":{"0":40,"1":0,"2":0},"b":{}}
,"C:\\Users\\57316\\Desktop\\Bootcamp_Jalasoft\\Backend\\FinalWork_ChessAPI\\entity\\queen.ts": {"path":"C:\\Users\\57316\\Desktop\\Bootcamp_Jalasoft\\Backend\\FinalWork_ChessAPI\\entity\\queen.ts","statementMap":{"0":{"start":{"line":2,"column":0},"end":{"line":2,"column":32}},"1":{"start":{"line":7,"column":8},"end":{"line":9,"column":null}},"2":{"start":{"line":8,"column":12},"end":{"line":8,"column":25}},"3":{"start":{"line":11,"column":8},"end":{"line":14,"column":54}},"4":{"start":{"line":5,"column":0},"end":{"line":5,"column":13}}},"fnMap":{"0":{"name":"(anonymous_0)","decl":{"start":{"line":6,"column":4},"end":{"line":6,"column":13}},"loc":{"start":{"line":6,"column":34},"end":{"line":15,"column":5}}}},"branchMap":{"0":{"loc":{"start":{"line":7,"column":8},"end":{"line":9,"column":null}},"type":"if","locations":[{"start":{"line":7,"column":8},"end":{"line":9,"column":null}}]},"1":{"loc":{"start":{"line":11,"column":15},"end":{"line":14,"column":53}},"type":"binary-expr","locations":[{"start":{"line":11,"column":15},"end":{"line":11,"column":56}},{"start":{"line":12,"column":17},"end":{"line":12,"column":53}},{"start":{"line":13,"column":16},"end":{"line":13,"column":54}},{"start":{"line":14,"column":16},"end":{"line":14,"column":52}}]}},"s":{"0":4,"1":397,"2":7,"3":390,"4":4},"f":{"0":397},"b":{"0":[7],"1":[390,299,265,263]}}
,"C:\\Users\\57316\\Desktop\\Bootcamp_Jalasoft\\Backend\\FinalWork_ChessAPI\\entity\\rook.ts": {"path":"C:\\Users\\57316\\Desktop\\Bootcamp_Jalasoft\\Backend\\FinalWork_ChessAPI\\entity\\rook.ts","statementMap":{"0":{"start":{"line":1,"column":0},"end":{"line":1,"column":32}},"1":{"start":{"line":7,"column":8},"end":{"line":9,"column":null}},"2":{"start":{"line":8,"column":12},"end":{"line":8,"column":25}},"3":{"start":{"line":11,"column":8},"end":{"line":13,"column":54}},"4":{"start":{"line":4,"column":0},"end":{"line":4,"column":13}}},"fnMap":{"0":{"name":"(anonymous_0)","decl":{"start":{"line":6,"column":4},"end":{"line":6,"column":13}},"loc":{"start":{"line":6,"column":34},"end":{"line":14,"column":5}}}},"branchMap":{"0":{"loc":{"start":{"line":7,"column":8},"end":{"line":9,"column":null}},"type":"if","locations":[{"start":{"line":7,"column":8},"end":{"line":9,"column":null}}]},"1":{"loc":{"start":{"line":11,"column":15},"end":{"line":13,"column":53}},"type":"binary-expr","locations":[{"start":{"line":11,"column":15},"end":{"line":11,"column":56}},{"start":{"line":12,"column":17},"end":{"line":12,"column":55}},{"start":{"line":13,"column":16},"end":{"line":13,"column":52}}]}},"s":{"0":4,"1":779,"2":13,"3":766,"4":4},"f":{"0":779},"b":{"0":[13],"1":[766,585,559]}}
,"C:\\Users\\57316\\Desktop\\Bootcamp_Jalasoft\\Backend\\FinalWork_ChessAPI\\entity\\square.ts": {"path":"C:\\Users\\57316\\Desktop\\Bootcamp_Jalasoft\\Backend\\FinalWork_ChessAPI\\entity\\square.ts","statementMap":{"0":{"start":{"line":1,"column":0},"end":{"line":1,"column":63}},"1":{"start":{"line":7,"column":24},"end":{"line":7,"column":34}},"2":{"start":{"line":8,"column":24},"end":{"line":8,"column":34}},"3":{"start":{"line":9,"column":24},"end":{"line":9,"column":37}},"4":{"start":{"line":13,"column":8},"end":{"line":13,"column":25}},"5":{"start":{"line":17,"column":8},"end":{"line":17,"column":25}},"6":{"start":{"line":21,"column":8},"end":{"line":21,"column":26}},"7":{"start":{"line":25,"column":8},"end":{"line":25,"column":27}},"8":{"start":{"line":29,"column":27},"end":{"line":29,"column":37}},"9":{"start":{"line":30,"column":8},"end":{"line":30,"column":31}},"10":{"start":{"line":32,"column":8},"end":{"line":32,"column":28}},"11":{"start":{"line":36,"column":8},"end":{"line":36,"column":40}},"12":{"start":{"line":40,"column":8},"end":{"line":40,"column":68}},"13":{"start":{"line":44,"column":8},"end":{"line":44,"column":72}},"14":{"start":{"line":5,"column":0},"end":{"line":5,"column":13}}},"fnMap":{"0":{"name":"(anonymous_0)","decl":{"start":{"line":7,"column":4},"end":{"line":7,"column":24}},"loc":{"start":{"line":9,"column":37},"end":{"line":10,"column":5}}},"1":{"name":"(anonymous_1)","decl":{"start":{"line":12,"column":4},"end":{"line":12,"column":11}},"loc":{"start":{"line":12,"column":11},"end":{"line":14,"column":5}}},"2":{"name":"(anonymous_2)","decl":{"start":{"line":16,"column":4},"end":{"line":16,"column":11}},"loc":{"start":{"line":16,"column":11},"end":{"line":18,"column":5}}},"3":{"name":"(anonymous_3)","decl":{"start":{"line":20,"column":4},"end":{"line":20,"column":12}},"loc":{"start":{"line":20,"column":12},"end":{"line":22,"column":5}}},"4":{"name":"(anonymous_4)","decl":{"start":{"line":24,"column":4},"end":{"line":24,"column":12}},"loc":{"start":{"line":24,"column":25},"end":{"line":26,"column":5}}},"5":{"name":"(anonymous_5)","decl":{"start":{"line":28,"column":4},"end":{"line":28,"column":15}},"loc":{"start":{"line":28,"column":15},"end":{"line":33,"column":5}}},"6":{"name":"(anonymous_6)","decl":{"start":{"line":35,"column":4},"end":{"line":35,"column":11}},"loc":{"start":{"line":35,"column":11},"end":{"line":37,"column":5}}},"7":{"name":"(anonymous_7)","decl":{"start":{"line":39,"column":4},"end":{"line":39,"column":25}},"loc":{"start":{"line":39,"column":43},"end":{"line":41,"column":5}}},"8":{"name":"(anonymous_8)","decl":{"start":{"line":43,"column":4},"end":{"line":43,"column":15}},"loc":{"start":{"line":43,"column":33},"end":{"line":45,"column":5}}}},"branchMap":{"0":{"loc":{"start":{"line":40,"column":15},"end":{"line":40,"column":37}},"type":"cond-expr","locations":[{"start":{"line":40,"column":25},"end":{"line":40,"column":27}},{"start":{"line":40,"column":25},"end":{"line":40,"column":37}}]},"1":{"loc":{"start":{"line":40,"column":15},"end":{"line":40,"column":27}},"type":"binary-expr","locations":[{"start":{"line":40,"column":15},"end":{"line":40,"column":27}},{"start":{"line":40,"column":25},"end":{"line":40,"column":27}}]},"2":{"loc":{"start":{"line":44,"column":15},"end":{"line":44,"column":71}},"type":"binary-expr","locations":[{"start":{"line":44,"column":15},"end":{"line":44,"column":29}},{"start":{"line":44,"column":33},"end":{"line":44,"column":71}}]}},"s":{"0":6,"1":1379,"2":1379,"3":1379,"4":9649,"5":3401,"6":64,"7":684,"8":44,"9":44,"10":44,"11":6444,"12":3290,"13":1448,"14":6},"f":{"0":1379,"1":9649,"2":3401,"3":64,"4":684,"5":44,"6":6444,"7":3290,"8":1448},"b":{"0":[1282,2008],"1":[3290,3290],"2":[1448,692]}}
,"C:\\Users\\57316\\Desktop\\Bootcamp_Jalasoft\\Backend\\FinalWork_ChessAPI\\service\\board.service.ts": {"path":"C:\\Users\\57316\\Desktop\\Bootcamp_Jalasoft\\Backend\\FinalWork_ChessAPI\\service\\board.service.ts","statementMap":{"0":{"start":{"line":1,"column":0},"end":{"line":1,"column":26}},"1":{"start":{"line":2,"column":0},"end":{"line":2,"column":40}},"2":{"start":{"line":3,"column":0},"end":{"line":3,"column":38}},"3":{"start":{"line":4,"column":0},"end":{"line":4,"column":42}},"4":{"start":{"line":6,"column":0},"end":{"line":6,"column":42}},"5":{"start":{"line":7,"column":0},"end":{"line":7,"column":42}},"6":{"start":{"line":8,"column":0},"end":{"line":8,"column":40}},"7":{"start":{"line":9,"column":0},"end":{"line":9,"column":38}},"8":{"start":{"line":10,"column":0},"end":{"line":10,"column":38}},"9":{"start":{"line":12,"column":0},"end":{"line":12,"column":47}},"10":{"start":{"line":14,"column":0},"end":{"line":14,"column":52}},"11":{"start":{"line":18,"column":0},"end":{"line":140,"column":null}},"12":{"start":{"line":22,"column":55},"end":{"line":22,"column":82}},"13":{"start":{"line":30,"column":34},"end":{"line":30,"column":36}},"14":{"start":{"line":31,"column":32},"end":{"line":31,"column":34}},"15":{"start":{"line":33,"column":8},"end":{"line":39,"column":null}},"16":{"start":{"line":33,"column":22},"end":{"line":33,"column":23}},"17":{"start":{"line":34,"column":12},"end":{"line":38,"column":null}},"18":{"start":{"line":34,"column":26},"end":{"line":34,"column":27}},"19":{"start":{"line":36,"column":39},"end":{"line":36,"column":88}},"20":{"start":{"line":37,"column":16},"end":{"line":37,"column":67}},"21":{"start":{"line":43,"column":32},"end":{"line":43,"column":50}},"22":{"start":{"line":44,"column":35},"end":{"line":44,"column":37}},"23":{"start":{"line":45,"column":34},"end":{"line":45,"column":36}},"24":{"start":{"line":47,"column":8},"end":{"line":81,"column":null}},"25":{"start":{"line":47,"column":18},"end":{"line":47,"column":19}},"26":{"start":{"line":48,"column":24},"end":{"line":48,"column":33}},"27":{"start":{"line":50,"column":25},"end":{"line":50,"column":56}},"28":{"start":{"line":51,"column":12},"end":{"line":51,"column":89}},"29":{"start":{"line":53,"column":12},"end":{"line":53,"column":null}},"30":{"start":{"line":54,"column":12},"end":{"line":54,"column":93}},"31":{"start":{"line":56,"column":12},"end":{"line":56,"column":null}},"32":{"start":{"line":57,"column":12},"end":{"line":57,"column":93}},"33":{"start":{"line":59,"column":12},"end":{"line":59,"column":null}},"34":{"start":{"line":60,"column":12},"end":{"line":60,"column":91}},"35":{"start":{"line":62,"column":12},"end":{"line":62,"column":null}},"36":{"start":{"line":63,"column":12},"end":{"line":63,"column":89}},"37":{"start":{"line":65,"column":12},"end":{"line":65,"column":null}},"38":{"start":{"line":66,"column":12},"end":{"line":66,"column":93}},"39":{"start":{"line":68,"column":12},"end":{"line":68,"column":null}},"40":{"start":{"line":69,"column":12},"end":{"line":69,"column":93}},"41":{"start":{"line":71,"column":12},"end":{"line":71,"column":null}},"42":{"start":{"line":72,"column":12},"end":{"line":72,"column":89}},"43":{"start":{"line":75,"column":36},"end":{"line":75,"column":59}},"44":{"start":{"line":76,"column":35},"end":{"line":76,"column":54}},"45":{"start":{"line":77,"column":12},"end":{"line":80,"column":null}},"46":{"start":{"line":77,"column":22},"end":{"line":77,"column":39}},"47":{"start":{"line":78,"column":29},"end":{"line":78,"column":39}},"48":{"start":{"line":79,"column":16},"end":{"line":79,"column":93}},"49":{"start":{"line":83,"column":33},"end":{"line":83,"column":51}},"50":{"start":{"line":84,"column":8},"end":{"line":84,"column":45}},"51":{"start":{"line":86,"column":8},"end":{"line":86,"column":32}},"52":{"start":{"line":90,"column":38},"end":{"line":90,"column":64}},"53":{"start":{"line":92,"column":8},"end":{"line":92,"column":40}},"54":{"start":{"line":97,"column":34},"end":{"line":97,"column":64}},"55":{"start":{"line":99,"column":8},"end":{"line":99,"column":70}},"56":{"start":{"line":103,"column":30},"end":{"line":103,"column":68}},"57":{"start":{"line":104,"column":8},"end":{"line":108,"column":null}},"58":{"start":{"line":105,"column":12},"end":{"line":105,"column":25}},"59":{"start":{"line":107,"column":12},"end":{"line":107,"column":24}},"60":{"start":{"line":113,"column":38},"end":{"line":113,"column":86}},"61":{"start":{"line":114,"column":37},"end":{"line":114,"column":75}},"62":{"start":{"line":115,"column":41},"end":{"line":115,"column":101}},"63":{"start":{"line":116,"column":39},"end":{"line":116,"column":133}},"64":{"start":{"line":118,"column":8},"end":{"line":127,"column":null}},"65":{"start":{"line":120,"column":12},"end":{"line":120,"column":40}},"66":{"start":{"line":121,"column":12},"end":{"line":121,"column":41}},"67":{"start":{"line":122,"column":12},"end":{"line":122,"column":49}},"68":{"start":{"line":124,"column":12},"end":{"line":124,"column":37}},"69":{"start":{"line":126,"column":12},"end":{"line":126,"column":73}},"70":{"start":{"line":131,"column":30},"end":{"line":131,"column":34}},"71":{"start":{"line":132,"column":8},"end":{"line":136,"column":11}},"72":{"start":{"line":133,"column":12},"end":{"line":135,"column":14}},"73":{"start":{"line":134,"column":16},"end":{"line":134,"column":null}},"74":{"start":{"line":138,"column":8},"end":{"line":138,"column":22}},"75":{"start":{"line":18,"column":13},"end":{"line":140,"column":null}},"76":{"start":{"line":18,"column":13},"end":{"line":18,"column":25}}},"fnMap":{"0":{"name":"(anonymous_4)","decl":{"start":{"line":22,"column":4},"end":{"line":22,"column":17}},"loc":{"start":{"line":22,"column":82},"end":{"line":22,"column":85}}},"1":{"name":"(anonymous_5)","decl":{"start":{"line":28,"column":4},"end":{"line":28,"column":13}},"loc":{"start":{"line":28,"column":13},"end":{"line":87,"column":5}}},"2":{"name":"(anonymous_6)","decl":{"start":{"line":89,"column":4},"end":{"line":89,"column":12}},"loc":{"start":{"line":89,"column":35},"end":{"line":93,"column":5}}},"3":{"name":"(anonymous_7)","decl":{"start":{"line":95,"column":4},"end":{"line":95,"column":13}},"loc":{"start":{"line":95,"column":36},"end":{"line":100,"column":5}}},"4":{"name":"(anonymous_8)","decl":{"start":{"line":102,"column":4},"end":{"line":102,"column":27}},"loc":{"start":{"line":102,"column":76},"end":{"line":109,"column":5}}},"5":{"name":"(anonymous_9)","decl":{"start":{"line":111,"column":4},"end":{"line":111,"column":13}},"loc":{"start":{"line":111,"column":62},"end":{"line":128,"column":5}}},"6":{"name":"(anonymous_10)","decl":{"start":{"line":130,"column":4},"end":{"line":130,"column":22}},"loc":{"start":{"line":130,"column":45},"end":{"line":139,"column":5}}},"7":{"name":"(anonymous_11)","decl":{"start":{"line":132,"column":29},"end":{"line":132,"column":30}},"loc":{"start":{"line":132,"column":40},"end":{"line":136,"column":9}}}},"branchMap":{"0":{"loc":{"start":{"line":104,"column":8},"end":{"line":108,"column":null}},"type":"if","locations":[{"start":{"line":104,"column":8},"end":{"line":108,"column":null}},{"start":{"line":106,"column":15},"end":{"line":108,"column":null}}]},"1":{"loc":{"start":{"line":118,"column":8},"end":{"line":127,"column":null}},"type":"if","locations":[{"start":{"line":118,"column":8},"end":{"line":127,"column":null}},{"start":{"line":125,"column":15},"end":{"line":127,"column":null}}]},"2":{"loc":{"start":{"line":118,"column":12},"end":{"line":119,"column":49}},"type":"binary-expr","locations":[{"start":{"line":118,"column":12},"end":{"line":118,"column":70}},{"start":{"line":119,"column":12},"end":{"line":119,"column":49}}]},"3":{"loc":{"start":{"line":133,"column":12},"end":{"line":135,"column":14}},"type":"if","locations":[{"start":{"line":133,"column":12},"end":{"line":135,"column":14}}]}},"s":{"0":4,"1":4,"2":4,"3":4,"4":4,"5":4,"6":4,"7":4,"8":4,"9":4,"10":4,"11":4,"12":4,"13":20,"14":20,"15":20,"16":20,"17":160,"18":160,"19":1280,"20":1280,"21":20,"22":20,"23":20,"24":20,"25":20,"26":40,"27":40,"28":40,"29":40,"30":40,"31":40,"32":40,"33":40,"34":40,"35":40,"36":40,"37":40,"38":40,"39":40,"40":40,"41":40,"42":40,"43":40,"44":40,"45":40,"46":40,"47":320,"48":320,"49":20,"50":20,"51":20,"52":64,"53":64,"54":192,"55":192,"56":64,"57":64,"58":0,"59":64,"60":64,"61":64,"62":64,"63":64,"64":64,"65":44,"66":44,"67":44,"68":44,"69":20,"70":64,"71":64,"72":122,"73":20,"74":64,"75":4,"76":4},"f":{"0":4,"1":20,"2":64,"3":192,"4":64,"5":64,"6":64,"7":122},"b":{"0":[0,64],"1":[44,20],"2":[64,64],"3":[20]}}
,"C:\\Users\\57316\\Desktop\\Bootcamp_Jalasoft\\Backend\\FinalWork_ChessAPI\\service\\game.service.ts": {"path":"C:\\Users\\57316\\Desktop\\Bootcamp_Jalasoft\\Backend\\FinalWork_ChessAPI\\service\\game.service.ts","statementMap":{"0":{"start":{"line":1,"column":0},"end":{"line":1,"column":26}},"1":{"start":{"line":3,"column":0},"end":{"line":3,"column":47}},"2":{"start":{"line":5,"column":0},"end":{"line":5,"column":52}},"3":{"start":{"line":6,"column":0},"end":{"line":6,"column":38}},"4":{"start":{"line":7,"column":0},"end":{"line":7,"column":42}},"5":{"start":{"line":11,"column":0},"end":{"line":11,"column":44}},"6":{"start":{"line":14,"column":0},"end":{"line":88,"column":null}},"7":{"start":{"line":18,"column":55},"end":{"line":18,"column":82}},"8":{"start":{"line":21,"column":32},"end":{"line":21,"column":54}},"9":{"start":{"line":22,"column":32},"end":{"line":22,"column":54}},"10":{"start":{"line":23,"column":8},"end":{"line":23,"column":90}},"11":{"start":{"line":24,"column":8},"end":{"line":24,"column":32}},"12":{"start":{"line":28,"column":8},"end":{"line":28,"column":32}},"13":{"start":{"line":32,"column":8},"end":{"line":32,"column":65}},"14":{"start":{"line":33,"column":8},"end":{"line":33,"column":36}},"15":{"start":{"line":34,"column":8},"end":{"line":34,"column":42}},"16":{"start":{"line":36,"column":8},"end":{"line":36,"column":32}},"17":{"start":{"line":40,"column":8},"end":{"line":42,"column":null}},"18":{"start":{"line":41,"column":12},"end":{"line":41,"column":50}},"19":{"start":{"line":46,"column":8},"end":{"line":46,"column":54}},"20":{"start":{"line":50,"column":8},"end":{"line":50,"column":54}},"21":{"start":{"line":54,"column":8},"end":{"line":58,"column":null}},"22":{"start":{"line":55,"column":12},"end":{"line":55,"column":46}},"23":{"start":{"line":57,"column":12},"end":{"line":57,"column":46}},"24":{"start":{"line":63,"column":41},"end":{"line":63,"column":93}},"25":{"start":{"line":65,"column":8},"end":{"line":86,"column":null}},"26":{"start":{"line":66,"column":12},"end":{"line":83,"column":null}},"27":{"start":{"line":69,"column":49},"end":{"line":69,"column":107}},"28":{"start":{"line":71,"column":16},"end":{"line":80,"column":null}},"29":{"start":{"line":72,"column":20},"end":{"line":72,"column":49}},"30":{"start":{"line":74,"column":48},"end":{"line":74,"column":74}},"31":{"start":{"line":75,"column":20},"end":{"line":75,"column":56}},"32":{"start":{"line":76,"column":20},"end":{"line":76,"column":61}},"33":{"start":{"line":77,"column":20},"end":{"line":77,"column":52}},"34":{"start":{"line":78,"column":20},"end":{"line":78,"column":44}},"35":{"start":{"line":79,"column":20},"end":{"line":79,"column":44}},"36":{"start":{"line":82,"column":16},"end":{"line":82,"column":90}},"37":{"start":{"line":85,"column":12},"end":{"line":85,"column":88}},"38":{"start":{"line":14,"column":13},"end":{"line":88,"column":null}},"39":{"start":{"line":14,"column":13},"end":{"line":14,"column":24}}},"fnMap":{"0":{"name":"(anonymous_4)","decl":{"start":{"line":18,"column":4},"end":{"line":18,"column":17}},"loc":{"start":{"line":18,"column":82},"end":{"line":18,"column":85}}},"1":{"name":"(anonymous_5)","decl":{"start":{"line":20,"column":4},"end":{"line":20,"column":17}},"loc":{"start":{"line":20,"column":17},"end":{"line":25,"column":5}}},"2":{"name":"(anonymous_6)","decl":{"start":{"line":27,"column":4},"end":{"line":27,"column":18}},"loc":{"start":{"line":27,"column":18},"end":{"line":29,"column":5}}},"3":{"name":"(anonymous_7)","decl":{"start":{"line":31,"column":4},"end":{"line":31,"column":15}},"loc":{"start":{"line":31,"column":15},"end":{"line":37,"column":5}}},"4":{"name":"(anonymous_8)","decl":{"start":{"line":39,"column":4},"end":{"line":39,"column":20}},"loc":{"start":{"line":39,"column":20},"end":{"line":43,"column":5}}},"5":{"name":"(anonymous_9)","decl":{"start":{"line":45,"column":4},"end":{"line":45,"column":15}},"loc":{"start":{"line":45,"column":15},"end":{"line":47,"column":5}}},"6":{"name":"(anonymous_10)","decl":{"start":{"line":49,"column":4},"end":{"line":49,"column":15}},"loc":{"start":{"line":49,"column":15},"end":{"line":51,"column":5}}},"7":{"name":"(anonymous_11)","decl":{"start":{"line":53,"column":4},"end":{"line":53,"column":14}},"loc":{"start":{"line":53,"column":27},"end":{"line":59,"column":5}}},"8":{"name":"(anonymous_12)","decl":{"start":{"line":61,"column":4},"end":{"line":61,"column":13}},"loc":{"start":{"line":61,"column":86},"end":{"line":87,"column":5}}}},"branchMap":{"0":{"loc":{"start":{"line":40,"column":8},"end":{"line":42,"column":null}},"type":"if","locations":[{"start":{"line":40,"column":8},"end":{"line":42,"column":null}}]},"1":{"loc":{"start":{"line":40,"column":12},"end":{"line":40,"column":95}},"type":"binary-expr","locations":[{"start":{"line":40,"column":12},"end":{"line":40,"column":61}},{"start":{"line":40,"column":65},"end":{"line":40,"column":95}}]},"2":{"loc":{"start":{"line":54,"column":8},"end":{"line":58,"column":null}},"type":"if","locations":[{"start":{"line":54,"column":8},"end":{"line":58,"column":null}},{"start":{"line":56,"column":15},"end":{"line":58,"column":null}}]},"3":{"loc":{"start":{"line":65,"column":8},"end":{"line":86,"column":null}},"type":"if","locations":[{"start":{"line":65,"column":8},"end":{"line":86,"column":null}},{"start":{"line":84,"column":15},"end":{"line":86,"column":null}}]},"4":{"loc":{"start":{"line":66,"column":12},"end":{"line":83,"column":null}},"type":"if","locations":[{"start":{"line":66,"column":12},"end":{"line":83,"column":null}},{"start":{"line":81,"column":19},"end":{"line":83,"column":null}}]},"5":{"loc":{"start":{"line":66,"column":16},"end":{"line":67,"column":66}},"type":"binary-expr","locations":[{"start":{"line":66,"column":16},"end":{"line":66,"column":34}},{"start":{"line":66,"column":38},"end":{"line":66,"column":66}},{"start":{"line":67,"column":16},"end":{"line":67,"column":34}},{"start":{"line":67,"column":38},"end":{"line":67,"column":66}}]},"6":{"loc":{"start":{"line":71,"column":16},"end":{"line":80,"column":null}},"type":"if","locations":[{"start":{"line":71,"column":16},"end":{"line":80,"column":null}},{"start":{"line":73,"column":23},"end":{"line":80,"column":null}}]}},"s":{"0":4,"1":4,"2":4,"3":4,"4":4,"5":4,"6":4,"7":4,"8":20,"9":20,"10":20,"11":20,"12":0,"13":0,"14":0,"15":0,"16":0,"17":44,"18":13,"19":64,"20":27,"21":44,"22":17,"23":27,"24":64,"25":64,"26":64,"27":64,"28":64,"29":20,"30":44,"31":44,"32":44,"33":44,"34":44,"35":44,"36":0,"37":0,"38":4,"39":4},"f":{"0":4,"1":20,"2":0,"3":0,"4":44,"5":64,"6":27,"7":44,"8":64},"b":{"0":[13],"1":[44,13],"2":[17,27],"3":[64,0],"4":[64,0],"5":[64,37,27,27],"6":[20,44]}}
,"C:\\Users\\57316\\Desktop\\Bootcamp_Jalasoft\\Backend\\FinalWork_ChessAPI\\service\\piece.service.ts": {"path":"C:\\Users\\57316\\Desktop\\Bootcamp_Jalasoft\\Backend\\FinalWork_ChessAPI\\service\\piece.service.ts","statementMap":{"0":{"start":{"line":1,"column":0},"end":{"line":1,"column":26}},"1":{"start":{"line":2,"column":0},"end":{"line":2,"column":39}},"2":{"start":{"line":7,"column":0},"end":{"line":7,"column":71}},"3":{"start":{"line":11,"column":0},"end":{"line":332,"column":null}},"4":{"start":{"line":14,"column":41},"end":{"line":14,"column":43}},"5":{"start":{"line":15,"column":39},"end":{"line":15,"column":57}},"6":{"start":{"line":17,"column":8},"end":{"line":22,"column":null}},"7":{"start":{"line":17,"column":28},"end":{"line":17,"column":29}},"8":{"start":{"line":18,"column":33},"end":{"line":18,"column":48}},"9":{"start":{"line":19,"column":12},"end":{"line":21,"column":null}},"10":{"start":{"line":20,"column":16},"end":{"line":20,"column":46}},"11":{"start":{"line":24,"column":8},"end":{"line":24,"column":32}},"12":{"start":{"line":28,"column":8},"end":{"line":39,"column":null}},"13":{"start":{"line":30,"column":16},"end":{"line":30,"column":79}},"14":{"start":{"line":32,"column":16},"end":{"line":32,"column":79}},"15":{"start":{"line":34,"column":16},"end":{"line":34,"column":81}},"16":{"start":{"line":36,"column":16},"end":{"line":36,"column":80}},"17":{"start":{"line":38,"column":16},"end":{"line":38,"column":26}},"18":{"start":{"line":43,"column":39},"end":{"line":43,"column":41}},"19":{"start":{"line":44,"column":39},"end":{"line":44,"column":57}},"20":{"start":{"line":45,"column":34},"end":{"line":45,"column":57}},"21":{"start":{"line":46,"column":33},"end":{"line":46,"column":55}},"22":{"start":{"line":47,"column":44},"end":{"line":47,"column":79}},"23":{"start":{"line":48,"column":43},"end":{"line":48,"column":77}},"24":{"start":{"line":50,"column":8},"end":{"line":58,"column":null}},"25":{"start":{"line":51,"column":12},"end":{"line":53,"column":null}},"26":{"start":{"line":52,"column":16},"end":{"line":52,"column":96}},"27":{"start":{"line":55,"column":12},"end":{"line":57,"column":null}},"28":{"start":{"line":56,"column":16},"end":{"line":56,"column":98}},"29":{"start":{"line":60,"column":8},"end":{"line":68,"column":null}},"30":{"start":{"line":61,"column":12},"end":{"line":63,"column":null}},"31":{"start":{"line":62,"column":16},"end":{"line":62,"column":101}},"32":{"start":{"line":65,"column":12},"end":{"line":67,"column":null}},"33":{"start":{"line":66,"column":16},"end":{"line":66,"column":100}},"34":{"start":{"line":70,"column":8},"end":{"line":90,"column":null}},"35":{"start":{"line":71,"column":12},"end":{"line":74,"column":null}},"36":{"start":{"line":73,"column":20},"end":{"line":73,"column":104}},"37":{"start":{"line":76,"column":12},"end":{"line":79,"column":null}},"38":{"start":{"line":78,"column":20},"end":{"line":78,"column":105}},"39":{"start":{"line":81,"column":12},"end":{"line":84,"column":null}},"40":{"start":{"line":83,"column":20},"end":{"line":83,"column":107}},"41":{"start":{"line":86,"column":12},"end":{"line":89,"column":null}},"42":{"start":{"line":88,"column":20},"end":{"line":88,"column":106}},"43":{"start":{"line":92,"column":8},"end":{"line":92,"column":28}},"44":{"start":{"line":96,"column":39},"end":{"line":96,"column":41}},"45":{"start":{"line":97,"column":39},"end":{"line":97,"column":57}},"46":{"start":{"line":99,"column":34},"end":{"line":99,"column":57}},"47":{"start":{"line":100,"column":33},"end":{"line":100,"column":55}},"48":{"start":{"line":101,"column":44},"end":{"line":101,"column":79}},"49":{"start":{"line":102,"column":43},"end":{"line":102,"column":77}},"50":{"start":{"line":104,"column":8},"end":{"line":107,"column":null}},"51":{"start":{"line":106,"column":16},"end":{"line":106,"column":100}},"52":{"start":{"line":109,"column":8},"end":{"line":112,"column":null}},"53":{"start":{"line":111,"column":16},"end":{"line":111,"column":101}},"54":{"start":{"line":114,"column":8},"end":{"line":117,"column":null}},"55":{"start":{"line":116,"column":16},"end":{"line":116,"column":103}},"56":{"start":{"line":119,"column":8},"end":{"line":122,"column":null}},"57":{"start":{"line":121,"column":16},"end":{"line":121,"column":102}},"58":{"start":{"line":124,"column":8},"end":{"line":124,"column":28}},"59":{"start":{"line":128,"column":39},"end":{"line":128,"column":41}},"60":{"start":{"line":129,"column":39},"end":{"line":129,"column":57}},"61":{"start":{"line":130,"column":34},"end":{"line":130,"column":57}},"62":{"start":{"line":131,"column":33},"end":{"line":131,"column":55}},"63":{"start":{"line":132,"column":34},"end":{"line":132,"column":57}},"64":{"start":{"line":134,"column":8},"end":{"line":142,"column":null}},"65":{"start":{"line":135,"column":12},"end":{"line":137,"column":null}},"66":{"start":{"line":136,"column":16},"end":{"line":136,"column":96}},"67":{"start":{"line":139,"column":12},"end":{"line":141,"column":null}},"68":{"start":{"line":140,"column":16},"end":{"line":140,"column":98}},"69":{"start":{"line":144,"column":8},"end":{"line":150,"column":null}},"70":{"start":{"line":145,"column":37},"end":{"line":145,"column":59}},"71":{"start":{"line":146,"column":37},"end":{"line":146,"column":59}},"72":{"start":{"line":148,"column":40},"end":{"line":148,"column":85}},"73":{"start":{"line":149,"column":12},"end":{"line":149,"column":57}},"74":{"start":{"line":152,"column":8},"end":{"line":152,"column":28}},"75":{"start":{"line":157,"column":39},"end":{"line":157,"column":41}},"76":{"start":{"line":158,"column":39},"end":{"line":158,"column":57}},"77":{"start":{"line":159,"column":34},"end":{"line":159,"column":57}},"78":{"start":{"line":160,"column":33},"end":{"line":160,"column":55}},"79":{"start":{"line":161,"column":44},"end":{"line":161,"column":79}},"80":{"start":{"line":162,"column":43},"end":{"line":162,"column":77}},"81":{"start":{"line":164,"column":8},"end":{"line":172,"column":null}},"82":{"start":{"line":165,"column":12},"end":{"line":167,"column":null}},"83":{"start":{"line":166,"column":16},"end":{"line":166,"column":96}},"84":{"start":{"line":169,"column":12},"end":{"line":171,"column":null}},"85":{"start":{"line":170,"column":16},"end":{"line":170,"column":98}},"86":{"start":{"line":174,"column":8},"end":{"line":182,"column":null}},"87":{"start":{"line":175,"column":12},"end":{"line":177,"column":null}},"88":{"start":{"line":176,"column":16},"end":{"line":176,"column":101}},"89":{"start":{"line":179,"column":12},"end":{"line":181,"column":null}},"90":{"start":{"line":180,"column":16},"end":{"line":180,"column":100}},"91":{"start":{"line":184,"column":8},"end":{"line":184,"column":28}},"92":{"start":{"line":188,"column":34},"end":{"line":188,"column":57}},"93":{"start":{"line":189,"column":33},"end":{"line":189,"column":55}},"94":{"start":{"line":191,"column":8},"end":{"line":191,"column":70}},"95":{"start":{"line":195,"column":34},"end":{"line":195,"column":57}},"96":{"start":{"line":196,"column":33},"end":{"line":196,"column":55}},"97":{"start":{"line":198,"column":8},"end":{"line":198,"column":46}},"98":{"start":{"line":202,"column":34},"end":{"line":202,"column":57}},"99":{"start":{"line":203,"column":33},"end":{"line":203,"column":55}},"100":{"start":{"line":204,"column":34},"end":{"line":204,"column":57}},"101":{"start":{"line":205,"column":33},"end":{"line":205,"column":55}},"102":{"start":{"line":207,"column":8},"end":{"line":208,"column":51}},"103":{"start":{"line":212,"column":39},"end":{"line":212,"column":41}},"104":{"start":{"line":213,"column":34},"end":{"line":213,"column":57}},"105":{"start":{"line":214,"column":33},"end":{"line":214,"column":55}},"106":{"start":{"line":215,"column":34},"end":{"line":215,"column":57}},"107":{"start":{"line":217,"column":8},"end":{"line":220,"column":null}},"108":{"start":{"line":217,"column":28},"end":{"line":217,"column":43}},"109":{"start":{"line":218,"column":40},"end":{"line":218,"column":85}},"110":{"start":{"line":219,"column":12},"end":{"line":219,"column":57}},"111":{"start":{"line":222,"column":8},"end":{"line":222,"column":28}},"112":{"start":{"line":226,"column":39},"end":{"line":226,"column":41}},"113":{"start":{"line":227,"column":34},"end":{"line":227,"column":57}},"114":{"start":{"line":228,"column":33},"end":{"line":228,"column":55}},"115":{"start":{"line":229,"column":34},"end":{"line":229,"column":57}},"116":{"start":{"line":231,"column":8},"end":{"line":234,"column":null}},"117":{"start":{"line":231,"column":28},"end":{"line":231,"column":43}},"118":{"start":{"line":232,"column":40},"end":{"line":232,"column":85}},"119":{"start":{"line":233,"column":12},"end":{"line":233,"column":57}},"120":{"start":{"line":236,"column":8},"end":{"line":236,"column":28}},"121":{"start":{"line":240,"column":39},"end":{"line":240,"column":41}},"122":{"start":{"line":241,"column":34},"end":{"line":241,"column":57}},"123":{"start":{"line":242,"column":44},"end":{"line":242,"column":79}},"124":{"start":{"line":243,"column":43},"end":{"line":243,"column":77}},"125":{"start":{"line":245,"column":8},"end":{"line":249,"column":null}},"126":{"start":{"line":245,"column":28},"end":{"line":245,"column":51}},"127":{"start":{"line":246,"column":38},"end":{"line":246,"column":59}},"128":{"start":{"line":247,"column":40},"end":{"line":247,"column":87}},"129":{"start":{"line":248,"column":12},"end":{"line":248,"column":null}},"130":{"start":{"line":251,"column":8},"end":{"line":251,"column":28}},"131":{"start":{"line":255,"column":39},"end":{"line":255,"column":41}},"132":{"start":{"line":256,"column":34},"end":{"line":256,"column":57}},"133":{"start":{"line":257,"column":44},"end":{"line":257,"column":79}},"134":{"start":{"line":258,"column":43},"end":{"line":258,"column":77}},"135":{"start":{"line":260,"column":8},"end":{"line":264,"column":null}},"136":{"start":{"line":260,"column":28},"end":{"line":260,"column":51}},"137":{"start":{"line":261,"column":38},"end":{"line":261,"column":59}},"138":{"start":{"line":262,"column":40},"end":{"line":262,"column":87}},"139":{"start":{"line":263,"column":12},"end":{"line":263,"column":null}},"140":{"start":{"line":266,"column":8},"end":{"line":266,"column":28}},"141":{"start":{"line":270,"column":39},"end":{"line":270,"column":41}},"142":{"start":{"line":271,"column":34},"end":{"line":271,"column":57}},"143":{"start":{"line":272,"column":33},"end":{"line":272,"column":55}},"144":{"start":{"line":273,"column":44},"end":{"line":273,"column":79}},"145":{"start":{"line":274,"column":47},"end":{"line":274,"column":81}},"146":{"start":{"line":276,"column":8},"end":{"line":280,"column":null}},"147":{"start":{"line":276,"column":29},"end":{"line":276,"column":30}},"148":{"start":{"line":277,"column":38},"end":{"line":277,"column":81}},"149":{"start":{"line":278,"column":40},"end":{"line":278,"column":101}},"150":{"start":{"line":279,"column":12},"end":{"line":279,"column":57}},"151":{"start":{"line":282,"column":8},"end":{"line":282,"column":28}},"152":{"start":{"line":286,"column":39},"end":{"line":286,"column":41}},"153":{"start":{"line":287,"column":34},"end":{"line":287,"column":57}},"154":{"start":{"line":288,"column":33},"end":{"line":288,"column":55}},"155":{"start":{"line":289,"column":44},"end":{"line":289,"column":79}},"156":{"start":{"line":290,"column":47},"end":{"line":290,"column":81}},"157":{"start":{"line":292,"column":8},"end":{"line":296,"column":null}},"158":{"start":{"line":292,"column":29},"end":{"line":292,"column":30}},"159":{"start":{"line":293,"column":38},"end":{"line":293,"column":81}},"160":{"start":{"line":294,"column":40},"end":{"line":294,"column":101}},"161":{"start":{"line":295,"column":12},"end":{"line":295,"column":57}},"162":{"start":{"line":297,"column":8},"end":{"line":297,"column":28}},"163":{"start":{"line":301,"column":39},"end":{"line":301,"column":41}},"164":{"start":{"line":302,"column":34},"end":{"line":302,"column":57}},"165":{"start":{"line":303,"column":33},"end":{"line":303,"column":55}},"166":{"start":{"line":304,"column":44},"end":{"line":304,"column":79}},"167":{"start":{"line":305,"column":47},"end":{"line":305,"column":81}},"168":{"start":{"line":307,"column":8},"end":{"line":311,"column":null}},"169":{"start":{"line":307,"column":29},"end":{"line":307,"column":30}},"170":{"start":{"line":308,"column":38},"end":{"line":308,"column":81}},"171":{"start":{"line":309,"column":40},"end":{"line":309,"column":101}},"172":{"start":{"line":310,"column":12},"end":{"line":310,"column":57}},"173":{"start":{"line":312,"column":8},"end":{"line":312,"column":28}},"174":{"start":{"line":316,"column":39},"end":{"line":316,"column":41}},"175":{"start":{"line":317,"column":34},"end":{"line":317,"column":57}},"176":{"start":{"line":318,"column":33},"end":{"line":318,"column":55}},"177":{"start":{"line":319,"column":44},"end":{"line":319,"column":79}},"178":{"start":{"line":320,"column":47},"end":{"line":320,"column":81}},"179":{"start":{"line":322,"column":8},"end":{"line":326,"column":null}},"180":{"start":{"line":322,"column":29},"end":{"line":322,"column":30}},"181":{"start":{"line":323,"column":38},"end":{"line":323,"column":81}},"182":{"start":{"line":324,"column":40},"end":{"line":324,"column":101}},"183":{"start":{"line":325,"column":12},"end":{"line":325,"column":57}},"184":{"start":{"line":327,"column":8},"end":{"line":327,"column":28}},"185":{"start":{"line":11,"column":13},"end":{"line":332,"column":null}},"186":{"start":{"line":11,"column":13},"end":{"line":11,"column":25}}},"fnMap":{"0":{"name":"(anonymous_1)","decl":{"start":{"line":13,"column":4},"end":{"line":13,"column":20}},"loc":{"start":{"line":13,"column":47},"end":{"line":25,"column":5}}},"1":{"name":"(anonymous_2)","decl":{"start":{"line":27,"column":4},"end":{"line":27,"column":25}},"loc":{"start":{"line":27,"column":97},"end":{"line":40,"column":5}}},"2":{"name":"(anonymous_3)","decl":{"start":{"line":42,"column":4},"end":{"line":42,"column":19}},"loc":{"start":{"line":42,"column":77},"end":{"line":93,"column":5}}},"3":{"name":"(anonymous_4)","decl":{"start":{"line":95,"column":4},"end":{"line":95,"column":20}},"loc":{"start":{"line":95,"column":78},"end":{"line":125,"column":5}}},"4":{"name":"(anonymous_5)","decl":{"start":{"line":127,"column":4},"end":{"line":127,"column":18}},"loc":{"start":{"line":127,"column":76},"end":{"line":153,"column":5}}},"5":{"name":"(anonymous_6)","decl":{"start":{"line":155,"column":4},"end":{"line":155,"column":18}},"loc":{"start":{"line":155,"column":76},"end":{"line":185,"column":5}}},"6":{"name":"(anonymous_7)","decl":{"start":{"line":187,"column":4},"end":{"line":187,"column":18}},"loc":{"start":{"line":187,"column":62},"end":{"line":192,"column":5}}},"7":{"name":"(anonymous_8)","decl":{"start":{"line":194,"column":4},"end":{"line":194,"column":20}},"loc":{"start":{"line":194,"column":64},"end":{"line":199,"column":5}}},"8":{"name":"(anonymous_9)","decl":{"start":{"line":201,"column":4},"end":{"line":201,"column":18}},"loc":{"start":{"line":201,"column":62},"end":{"line":209,"column":5}}},"9":{"name":"(anonymous_10)","decl":{"start":{"line":211,"column":4},"end":{"line":211,"column":21}},"loc":{"start":{"line":211,"column":103},"end":{"line":223,"column":5}}},"10":{"name":"(anonymous_11)","decl":{"start":{"line":225,"column":4},"end":{"line":225,"column":23}},"loc":{"start":{"line":225,"column":105},"end":{"line":237,"column":5}}},"11":{"name":"(anonymous_12)","decl":{"start":{"line":239,"column":4},"end":{"line":239,"column":26}},"loc":{"start":{"line":239,"column":108},"end":{"line":252,"column":5}}},"12":{"name":"(anonymous_13)","decl":{"start":{"line":254,"column":4},"end":{"line":254,"column":25}},"loc":{"start":{"line":254,"column":107},"end":{"line":267,"column":5}}},"13":{"name":"(anonymous_14)","decl":{"start":{"line":269,"column":4},"end":{"line":269,"column":25}},"loc":{"start":{"line":269,"column":107},"end":{"line":283,"column":5}}},"14":{"name":"(anonymous_15)","decl":{"start":{"line":285,"column":4},"end":{"line":285,"column":26}},"loc":{"start":{"line":285,"column":108},"end":{"line":298,"column":5}}},"15":{"name":"(anonymous_16)","decl":{"start":{"line":300,"column":4},"end":{"line":300,"column":28}},"loc":{"start":{"line":300,"column":110},"end":{"line":313,"column":5}}},"16":{"name":"(anonymous_17)","decl":{"start":{"line":315,"column":4},"end":{"line":315,"column":27}},"loc":{"start":{"line":315,"column":109},"end":{"line":328,"column":5}}}},"branchMap":{"0":{"loc":{"start":{"line":19,"column":12},"end":{"line":21,"column":null}},"type":"if","locations":[{"start":{"line":19,"column":12},"end":{"line":21,"column":null}}]},"1":{"loc":{"start":{"line":28,"column":8},"end":{"line":39,"column":null}},"type":"switch","locations":[{"start":{"line":29,"column":12},"end":{"line":30,"column":79}},{"start":{"line":31,"column":12},"end":{"line":32,"column":79}},{"start":{"line":33,"column":12},"end":{"line":34,"column":81}},{"start":{"line":35,"column":12},"end":{"line":36,"column":80}},{"start":{"line":37,"column":12},"end":{"line":38,"column":26}}]},"2":{"loc":{"start":{"line":50,"column":8},"end":{"line":58,"column":null}},"type":"if","locations":[{"start":{"line":50,"column":8},"end":{"line":58,"column":null}}]},"3":{"loc":{"start":{"line":51,"column":12},"end":{"line":53,"column":null}},"type":"if","locations":[{"start":{"line":51,"column":12},"end":{"line":53,"column":null}}]},"4":{"loc":{"start":{"line":55,"column":12},"end":{"line":57,"column":null}},"type":"if","locations":[{"start":{"line":55,"column":12},"end":{"line":57,"column":null}}]},"5":{"loc":{"start":{"line":60,"column":8},"end":{"line":68,"column":null}},"type":"if","locations":[{"start":{"line":60,"column":8},"end":{"line":68,"column":null}}]},"6":{"loc":{"start":{"line":61,"column":12},"end":{"line":63,"column":null}},"type":"if","locations":[{"start":{"line":61,"column":12},"end":{"line":63,"column":null}}]},"7":{"loc":{"start":{"line":65,"column":12},"end":{"line":67,"column":null}},"type":"if","locations":[{"start":{"line":65,"column":12},"end":{"line":67,"column":null}}]},"8":{"loc":{"start":{"line":70,"column":8},"end":{"line":90,"column":null}},"type":"if","locations":[{"start":{"line":70,"column":8},"end":{"line":90,"column":null}}]},"9":{"loc":{"start":{"line":71,"column":12},"end":{"line":74,"column":null}},"type":"if","locations":[{"start":{"line":71,"column":12},"end":{"line":74,"column":null}}]},"10":{"loc":{"start":{"line":71,"column":16},"end":{"line":72,"column":56}},"type":"binary-expr","locations":[{"start":{"line":71,"column":16},"end":{"line":71,"column":40}},{"start":{"line":72,"column":16},"end":{"line":72,"column":56}}]},"11":{"loc":{"start":{"line":76,"column":12},"end":{"line":79,"column":null}},"type":"if","locations":[{"start":{"line":76,"column":12},"end":{"line":79,"column":null}}]},"12":{"loc":{"start":{"line":76,"column":16},"end":{"line":77,"column":56}},"type":"binary-expr","locations":[{"start":{"line":76,"column":16},"end":{"line":76,"column":40}},{"start":{"line":77,"column":16},"end":{"line":77,"column":56}}]},"13":{"loc":{"start":{"line":81,"column":12},"end":{"line":84,"column":null}},"type":"if","locations":[{"start":{"line":81,"column":12},"end":{"line":84,"column":null}}]},"14":{"loc":{"start":{"line":81,"column":16},"end":{"line":82,"column":56}},"type":"binary-expr","locations":[{"start":{"line":81,"column":16},"end":{"line":81,"column":40}},{"start":{"line":82,"column":16},"end":{"line":82,"column":56}}]},"15":{"loc":{"start":{"line":86,"column":12},"end":{"line":89,"column":null}},"type":"if","locations":[{"start":{"line":86,"column":12},"end":{"line":89,"column":null}}]},"16":{"loc":{"start":{"line":86,"column":16},"end":{"line":87,"column":56}},"type":"binary-expr","locations":[{"start":{"line":86,"column":16},"end":{"line":86,"column":40}},{"start":{"line":87,"column":16},"end":{"line":87,"column":56}}]},"17":{"loc":{"start":{"line":104,"column":8},"end":{"line":107,"column":null}},"type":"if","locations":[{"start":{"line":104,"column":8},"end":{"line":107,"column":null}}]},"18":{"loc":{"start":{"line":104,"column":12},"end":{"line":105,"column":52}},"type":"binary-expr","locations":[{"start":{"line":104,"column":12},"end":{"line":104,"column":36}},{"start":{"line":105,"column":12},"end":{"line":105,"column":52}}]},"19":{"loc":{"start":{"line":109,"column":8},"end":{"line":112,"column":null}},"type":"if","locations":[{"start":{"line":109,"column":8},"end":{"line":112,"column":null}}]},"20":{"loc":{"start":{"line":109,"column":12},"end":{"line":110,"column":52}},"type":"binary-expr","locations":[{"start":{"line":109,"column":12},"end":{"line":109,"column":36}},{"start":{"line":110,"column":12},"end":{"line":110,"column":52}}]},"21":{"loc":{"start":{"line":114,"column":8},"end":{"line":117,"column":null}},"type":"if","locations":[{"start":{"line":114,"column":8},"end":{"line":117,"column":null}}]},"22":{"loc":{"start":{"line":114,"column":12},"end":{"line":115,"column":52}},"type":"binary-expr","locations":[{"start":{"line":114,"column":12},"end":{"line":114,"column":36}},{"start":{"line":115,"column":12},"end":{"line":115,"column":52}}]},"23":{"loc":{"start":{"line":119,"column":8},"end":{"line":122,"column":null}},"type":"if","locations":[{"start":{"line":119,"column":8},"end":{"line":122,"column":null}}]},"24":{"loc":{"start":{"line":119,"column":12},"end":{"line":120,"column":52}},"type":"binary-expr","locations":[{"start":{"line":119,"column":12},"end":{"line":119,"column":36}},{"start":{"line":120,"column":12},"end":{"line":120,"column":52}}]},"25":{"loc":{"start":{"line":134,"column":8},"end":{"line":142,"column":null}},"type":"if","locations":[{"start":{"line":134,"column":8},"end":{"line":142,"column":null}}]},"26":{"loc":{"start":{"line":135,"column":12},"end":{"line":137,"column":null}},"type":"if","locations":[{"start":{"line":135,"column":12},"end":{"line":137,"column":null}}]},"27":{"loc":{"start":{"line":139,"column":12},"end":{"line":141,"column":null}},"type":"if","locations":[{"start":{"line":139,"column":12},"end":{"line":141,"column":null}}]},"28":{"loc":{"start":{"line":144,"column":8},"end":{"line":150,"column":null}},"type":"if","locations":[{"start":{"line":144,"column":8},"end":{"line":150,"column":null}}]},"29":{"loc":{"start":{"line":164,"column":8},"end":{"line":172,"column":null}},"type":"if","locations":[{"start":{"line":164,"column":8},"end":{"line":172,"column":null}}]},"30":{"loc":{"start":{"line":165,"column":12},"end":{"line":167,"column":null}},"type":"if","locations":[{"start":{"line":165,"column":12},"end":{"line":167,"column":null}}]},"31":{"loc":{"start":{"line":169,"column":12},"end":{"line":171,"column":null}},"type":"if","locations":[{"start":{"line":169,"column":12},"end":{"line":171,"column":null}}]},"32":{"loc":{"start":{"line":174,"column":8},"end":{"line":182,"column":null}},"type":"if","locations":[{"start":{"line":174,"column":8},"end":{"line":182,"column":null}}]},"33":{"loc":{"start":{"line":175,"column":12},"end":{"line":177,"column":null}},"type":"if","locations":[{"start":{"line":175,"column":12},"end":{"line":177,"column":null}}]},"34":{"loc":{"start":{"line":179,"column":12},"end":{"line":181,"column":null}},"type":"if","locations":[{"start":{"line":179,"column":12},"end":{"line":181,"column":null}}]}},"s":{"0":4,"1":4,"2":4,"3":4,"4":64,"5":64,"6":64,"7":64,"8":4096,"9":4096,"10":259,"11":64,"12":64,"13":12,"14":42,"15":4,"16":6,"17":0,"18":6,"19":6,"20":6,"21":6,"22":6,"23":6,"24":6,"25":2,"26":1,"27":1,"28":1,"29":4,"30":0,"31":0,"32":0,"33":0,"34":4,"35":4,"36":1,"37":3,"38":1,"39":2,"40":1,"41":1,"42":1,"43":0,"44":4,"45":4,"46":4,"47":4,"48":4,"49":4,"50":4,"51":1,"52":3,"53":1,"54":2,"55":1,"56":1,"57":1,"58":0,"59":42,"60":42,"61":42,"62":42,"63":42,"64":42,"65":42,"66":26,"67":16,"68":16,"69":0,"70":0,"71":0,"72":0,"73":0,"74":0,"75":12,"76":12,"77":12,"78":12,"79":12,"80":12,"81":12,"82":8,"83":4,"84":4,"85":4,"86":4,"87":4,"88":2,"89":2,"90":2,"91":0,"92":60,"93":60,"94":60,"95":8,"96":8,"97":8,"98":4,"99":4,"100":4,"101":4,"102":4,"103":31,"104":31,"105":31,"106":31,"107":31,"108":31,"109":43,"110":43,"111":31,"112":21,"113":21,"114":21,"115":21,"116":21,"117":21,"118":33,"119":33,"120":21,"121":2,"122":2,"123":2,"124":2,"125":2,"126":2,"127":6,"128":6,"129":6,"130":2,"131":2,"132":2,"133":2,"134":2,"135":2,"136":2,"137":8,"138":8,"139":8,"140":2,"141":2,"142":2,"143":2,"144":2,"145":2,"146":2,"147":2,"148":8,"149":8,"150":8,"151":2,"152":2,"153":2,"154":2,"155":2,"156":2,"157":2,"158":2,"159":7,"160":7,"161":7,"162":2,"163":2,"164":2,"165":2,"166":2,"167":2,"168":2,"169":2,"170":9,"171":9,"172":9,"173":2,"174":2,"175":2,"176":2,"177":2,"178":2,"179":2,"180":2,"181":8,"182":8,"183":8,"184":2,"185":4,"186":4},"f":{"0":64,"1":64,"2":6,"3":4,"4":42,"5":12,"6":60,"7":8,"8":4,"9":31,"10":21,"11":2,"12":2,"13":2,"14":2,"15":2,"16":2},"b":{"0":[259],"1":[12,42,4,6,0],"2":[2],"3":[1],"4":[1],"5":[0],"6":[0],"7":[0],"8":[4],"9":[1],"10":[4,2],"11":[1],"12":[3,1],"13":[1],"14":[2,2],"15":[1],"16":[1,1],"17":[1],"18":[4,2],"19":[1],"20":[3,1],"21":[1],"22":[2,2],"23":[1],"24":[1,1],"25":[42],"26":[26],"27":[16],"28":[0],"29":[8],"30":[4],"31":[4],"32":[4],"33":[2],"34":[2]}}
,"C:\\Users\\57316\\Desktop\\Bootcamp_Jalasoft\\Backend\\FinalWork_ChessAPI\\shared\\file.mapper.ts": {"path":"C:\\Users\\57316\\Desktop\\Bootcamp_Jalasoft\\Backend\\FinalWork_ChessAPI\\shared\\file.mapper.ts","statementMap":{"0":{"start":{"line":3,"column":0},"end":{"line":3,"column":null}},"1":{"start":{"line":4,"column":4},"end":{"line":4,"column":null}},"2":{"start":{"line":5,"column":4},"end":{"line":5,"column":null}},"3":{"start":{"line":6,"column":4},"end":{"line":6,"column":null}},"4":{"start":{"line":7,"column":4},"end":{"line":7,"column":null}},"5":{"start":{"line":8,"column":4},"end":{"line":8,"column":null}},"6":{"start":{"line":9,"column":4},"end":{"line":9,"column":null}},"7":{"start":{"line":10,"column":4},"end":{"line":10,"column":null}},"8":{"start":{"line":11,"column":4},"end":{"line":11,"column":null}},"9":{"start":{"line":15,"column":28},"end":{"line":15,"column":30}},"10":{"start":{"line":16,"column":4},"end":{"line":16,"column":65}},"11":{"start":{"line":14,"column":0},"end":{"line":14,"column":16}}},"fnMap":{"0":{"name":"(anonymous_0)","decl":{"start":{"line":3,"column":0},"end":{"line":3,"column":12}},"loc":{"start":{"line":3,"column":22},"end":{"line":12,"column":1}}},"1":{"name":"turnNumberIntoFile","decl":{"start":{"line":14,"column":16},"end":{"line":14,"column":34}},"loc":{"start":{"line":14,"column":49},"end":{"line":17,"column":1}}}},"branchMap":{"0":{"loc":{"start":{"line":3,"column":12},"end":{"line":3,"column":null}},"type":"binary-expr","locations":[{"start":{"line":3,"column":12},"end":{"line":3,"column":22}},{"start":{"line":3,"column":12},"end":{"line":3,"column":null}}]}},"s":{"0":6,"1":6,"2":6,"3":6,"4":6,"5":6,"6":6,"7":6,"8":6,"9":46,"10":46,"11":6},"f":{"0":6,"1":46},"b":{"0":[6,6]}}
,"C:\\Users\\57316\\Desktop\\Bootcamp_Jalasoft\\Backend\\FinalWork_ChessAPI\\shared\\inversify.types.ts": {"path":"C:\\Users\\57316\\Desktop\\Bootcamp_Jalasoft\\Backend\\FinalWork_ChessAPI\\shared\\inversify.types.ts","statementMap":{"0":{"start":{"line":1,"column":16},"end":{"line":5,"column":null}},"1":{"start":{"line":7,"column":9},"end":{"line":7,"column":16}}},"fnMap":{},"branchMap":{},"s":{"0":4,"1":4},"f":{},"b":{}}
,"C:\\Users\\57316\\Desktop\\Bootcamp_Jalasoft\\Backend\\FinalWork_ChessAPI\\shared\\oppositeColor.mapper.ts": {"path":"C:\\Users\\57316\\Desktop\\Bootcamp_Jalasoft\\Backend\\FinalWork_ChessAPI\\shared\\oppositeColor.mapper.ts","statementMap":{"0":{"start":{"line":1,"column":0},"end":{"line":1,"column":null}},"1":{"start":{"line":2,"column":4},"end":{"line":2,"column":null}},"2":{"start":{"line":3,"column":4},"end":{"line":3,"column":null}}},"fnMap":{"0":{"name":"(anonymous_0)","decl":{"start":{"line":1,"column":0},"end":{"line":1,"column":12}},"loc":{"start":{"line":1,"column":25},"end":{"line":4,"column":1}}}},"branchMap":{"0":{"loc":{"start":{"line":1,"column":12},"end":{"line":1,"column":null}},"type":"binary-expr","locations":[{"start":{"line":1,"column":12},"end":{"line":1,"column":25}},{"start":{"line":1,"column":12},"end":{"line":1,"column":null}}]}},"s":{"0":6,"1":6,"2":6},"f":{"0":6},"b":{"0":[6,6]}}
}
