{"C:\\Users\\57316\\Desktop\\Bootcamp_Jalasoft\\Backend\\FinalWork_ChessAPI\\entity\\bishop.ts": {"path":"C:\\Users\\57316\\Desktop\\Bootcamp_Jalasoft\\Backend\\FinalWork_ChessAPI\\entity\\bishop.ts","statementMap":{"0":{"start":{"line":1,"column":0},"end":{"line":1,"column":32}},"1":{"start":{"line":3,"column":0},"end":{"line":3,"column":51}},"2":{"start":{"line":7,"column":8},"end":{"line":9,"column":null}},"3":{"start":{"line":8,"column":12},"end":{"line":8,"column":25}},"4":{"start":{"line":11,"column":8},"end":{"line":13,"column":null}},"5":{"start":{"line":12,"column":12},"end":{"line":12,"column":25}},"6":{"start":{"line":15,"column":8},"end":{"line":16,"column":66}},"7":{"start":{"line":5,"column":0},"end":{"line":5,"column":13}}},"fnMap":{"0":{"name":"(anonymous_0)","decl":{"start":{"line":6,"column":4},"end":{"line":6,"column":13}},"loc":{"start":{"line":6,"column":34},"end":{"line":17,"column":5}}}},"branchMap":{"0":{"loc":{"start":{"line":7,"column":8},"end":{"line":9,"column":null}},"type":"if","locations":[{"start":{"line":7,"column":8},"end":{"line":9,"column":null}}]},"1":{"loc":{"start":{"line":11,"column":8},"end":{"line":13,"column":null}},"type":"if","locations":[{"start":{"line":11,"column":8},"end":{"line":13,"column":null}}]}},"s":{"0":1,"1":1,"2":12,"3":1,"4":11,"5":1,"6":10,"7":1},"f":{"0":12},"b":{"0":[1],"1":[1]}}
,"C:\\Users\\57316\\Desktop\\Bootcamp_Jalasoft\\Backend\\FinalWork_ChessAPI\\entity\\king.ts": {"path":"C:\\Users\\57316\\Desktop\\Bootcamp_Jalasoft\\Backend\\FinalWork_ChessAPI\\entity\\king.ts","statementMap":{"0":{"start":{"line":1,"column":0},"end":{"line":1,"column":32}},"1":{"start":{"line":3,"column":0},"end":{"line":3,"column":51}},"2":{"start":{"line":8,"column":8},"end":{"line":10,"column":null}},"3":{"start":{"line":9,"column":12},"end":{"line":9,"column":25}},"4":{"start":{"line":12,"column":8},"end":{"line":14,"column":null}},"5":{"start":{"line":13,"column":12},"end":{"line":13,"column":25}},"6":{"start":{"line":16,"column":8},"end":{"line":17,"column":97}},"7":{"start":{"line":5,"column":0},"end":{"line":5,"column":13}}},"fnMap":{"0":{"name":"(anonymous_0)","decl":{"start":{"line":7,"column":4},"end":{"line":7,"column":13}},"loc":{"start":{"line":7,"column":34},"end":{"line":18,"column":5}}}},"branchMap":{"0":{"loc":{"start":{"line":8,"column":8},"end":{"line":10,"column":null}},"type":"if","locations":[{"start":{"line":8,"column":8},"end":{"line":10,"column":null}}]},"1":{"loc":{"start":{"line":12,"column":8},"end":{"line":14,"column":null}},"type":"if","locations":[{"start":{"line":12,"column":8},"end":{"line":14,"column":null}}]},"2":{"loc":{"start":{"line":16,"column":15},"end":{"line":17,"column":96}},"type":"binary-expr","locations":[{"start":{"line":16,"column":15},"end":{"line":16,"column":69}},{"start":{"line":17,"column":19},"end":{"line":17,"column":96}}]}},"s":{"0":1,"1":1,"2":12,"3":1,"4":11,"5":1,"6":10,"7":1},"f":{"0":12},"b":{"0":[1],"1":[1],"2":[10,9]}}
,"C:\\Users\\57316\\Desktop\\Bootcamp_Jalasoft\\Backend\\FinalWork_ChessAPI\\entity\\knight.ts": {"path":"C:\\Users\\57316\\Desktop\\Bootcamp_Jalasoft\\Backend\\FinalWork_ChessAPI\\entity\\knight.ts","statementMap":{"0":{"start":{"line":1,"column":0},"end":{"line":1,"column":51}},"1":{"start":{"line":2,"column":0},"end":{"line":2,"column":32}},"2":{"start":{"line":7,"column":8},"end":{"line":9,"column":null}},"3":{"start":{"line":8,"column":12},"end":{"line":8,"column":25}},"4":{"start":{"line":11,"column":8},"end":{"line":13,"column":null}},"5":{"start":{"line":12,"column":12},"end":{"line":12,"column":25}},"6":{"start":{"line":15,"column":45},"end":{"line":16,"column":99}},"7":{"start":{"line":18,"column":47},"end":{"line":19,"column":103}},"8":{"start":{"line":21,"column":8},"end":{"line":21,"column":60}},"9":{"start":{"line":5,"column":0},"end":{"line":5,"column":13}}},"fnMap":{"0":{"name":"(anonymous_0)","decl":{"start":{"line":6,"column":4},"end":{"line":6,"column":13}},"loc":{"start":{"line":6,"column":34},"end":{"line":22,"column":5}}}},"branchMap":{"0":{"loc":{"start":{"line":7,"column":8},"end":{"line":9,"column":null}},"type":"if","locations":[{"start":{"line":7,"column":8},"end":{"line":9,"column":null}}]},"1":{"loc":{"start":{"line":11,"column":8},"end":{"line":13,"column":null}},"type":"if","locations":[{"start":{"line":11,"column":8},"end":{"line":13,"column":null}}]},"2":{"loc":{"start":{"line":15,"column":45},"end":{"line":16,"column":99}},"type":"binary-expr","locations":[{"start":{"line":15,"column":45},"end":{"line":15,"column":124}},{"start":{"line":16,"column":44},"end":{"line":16,"column":99}}]},"3":{"loc":{"start":{"line":18,"column":47},"end":{"line":19,"column":103}},"type":"binary-expr","locations":[{"start":{"line":18,"column":47},"end":{"line":18,"column":126}},{"start":{"line":19,"column":48},"end":{"line":19,"column":103}}]},"4":{"loc":{"start":{"line":21,"column":15},"end":{"line":21,"column":59}},"type":"binary-expr","locations":[{"start":{"line":21,"column":15},"end":{"line":21,"column":36}},{"start":{"line":21,"column":40},"end":{"line":21,"column":59}}]}},"s":{"0":1,"1":1,"2":16,"3":1,"4":15,"5":1,"6":14,"7":14,"8":14,"9":1},"f":{"0":16},"b":{"0":[1],"1":[1],"2":[14,6],"3":[14,6],"4":[14,10]}}
,"C:\\Users\\57316\\Desktop\\Bootcamp_Jalasoft\\Backend\\FinalWork_ChessAPI\\entity\\pawn.ts": {"path":"C:\\Users\\57316\\Desktop\\Bootcamp_Jalasoft\\Backend\\FinalWork_ChessAPI\\entity\\pawn.ts","statementMap":{"0":{"start":{"line":1,"column":0},"end":{"line":1,"column":51}},"1":{"start":{"line":2,"column":0},"end":{"line":2,"column":32}},"2":{"start":{"line":8,"column":8},"end":{"line":10,"column":null}},"3":{"start":{"line":9,"column":12},"end":{"line":9,"column":25}},"4":{"start":{"line":12,"column":8},"end":{"line":14,"column":null}},"5":{"start":{"line":13,"column":12},"end":{"line":13,"column":25}},"6":{"start":{"line":16,"column":48},"end":{"line":17,"column":92}},"7":{"start":{"line":18,"column":48},"end":{"line":19,"column":93}},"8":{"start":{"line":20,"column":48},"end":{"line":21,"column":142}},"9":{"start":{"line":22,"column":48},"end":{"line":23,"column":144}},"10":{"start":{"line":25,"column":8},"end":{"line":29,"column":null}},"11":{"start":{"line":26,"column":12},"end":{"line":26,"column":68}},"12":{"start":{"line":28,"column":12},"end":{"line":28,"column":68}},"13":{"start":{"line":5,"column":0},"end":{"line":5,"column":13}}},"fnMap":{"0":{"name":"(anonymous_0)","decl":{"start":{"line":7,"column":4},"end":{"line":7,"column":13}},"loc":{"start":{"line":7,"column":34},"end":{"line":30,"column":5}}}},"branchMap":{"0":{"loc":{"start":{"line":8,"column":8},"end":{"line":10,"column":null}},"type":"if","locations":[{"start":{"line":8,"column":8},"end":{"line":10,"column":null}}]},"1":{"loc":{"start":{"line":12,"column":8},"end":{"line":14,"column":null}},"type":"if","locations":[{"start":{"line":12,"column":8},"end":{"line":14,"column":null}}]},"2":{"loc":{"start":{"line":16,"column":48},"end":{"line":17,"column":92}},"type":"binary-expr","locations":[{"start":{"line":16,"column":48},"end":{"line":16,"column":126}},{"start":{"line":17,"column":48},"end":{"line":17,"column":92}}]},"3":{"loc":{"start":{"line":18,"column":48},"end":{"line":19,"column":93}},"type":"binary-expr","locations":[{"start":{"line":18,"column":48},"end":{"line":18,"column":126}},{"start":{"line":19,"column":48},"end":{"line":19,"column":93}}]},"4":{"loc":{"start":{"line":20,"column":48},"end":{"line":21,"column":142}},"type":"binary-expr","locations":[{"start":{"line":20,"column":48},"end":{"line":20,"column":126}},{"start":{"line":21,"column":49},"end":{"line":21,"column":93}},{"start":{"line":21,"column":97},"end":{"line":21,"column":141}}]},"5":{"loc":{"start":{"line":22,"column":48},"end":{"line":23,"column":144}},"type":"binary-expr","locations":[{"start":{"line":22,"column":48},"end":{"line":22,"column":126}},{"start":{"line":23,"column":49},"end":{"line":23,"column":94}},{"start":{"line":23,"column":98},"end":{"line":23,"column":143}}]},"6":{"loc":{"start":{"line":25,"column":8},"end":{"line":29,"column":null}},"type":"if","locations":[{"start":{"line":25,"column":8},"end":{"line":29,"column":null}},{"start":{"line":27,"column":15},"end":{"line":29,"column":null}}]},"7":{"loc":{"start":{"line":26,"column":19},"end":{"line":26,"column":67}},"type":"binary-expr","locations":[{"start":{"line":26,"column":19},"end":{"line":26,"column":41}},{"start":{"line":26,"column":45},"end":{"line":26,"column":67}}]},"8":{"loc":{"start":{"line":28,"column":19},"end":{"line":28,"column":67}},"type":"binary-expr","locations":[{"start":{"line":28,"column":19},"end":{"line":28,"column":41}},{"start":{"line":28,"column":45},"end":{"line":28,"column":67}}]}},"s":{"0":6,"1":6,"2":22,"3":1,"4":21,"5":2,"6":19,"7":19,"8":19,"9":19,"10":19,"11":9,"12":10,"13":6},"f":{"0":22},"b":{"0":[1],"1":[2],"2":[19,6],"3":[19,6],"4":[19,9,7],"5":[19,9,7],"6":[9,10],"7":[9,7],"8":[10,8]}}
,"C:\\Users\\57316\\Desktop\\Bootcamp_Jalasoft\\Backend\\FinalWork_ChessAPI\\entity\\piece.ts": {"path":"C:\\Users\\57316\\Desktop\\Bootcamp_Jalasoft\\Backend\\FinalWork_ChessAPI\\entity\\piece.ts","statementMap":{"0":{"start":{"line":6,"column":33},"end":{"line":6,"column":53}},"1":{"start":{"line":7,"column":33},"end":{"line":7,"column":45}},"2":{"start":{"line":8,"column":24},"end":{"line":8,"column":34}},"3":{"start":{"line":9,"column":24},"end":{"line":9,"column":34}},"4":{"start":{"line":14,"column":8},"end":{"line":15,"column":53}},"5":{"start":{"line":19,"column":8},"end":{"line":19,"column":25}},"6":{"start":{"line":20,"column":8},"end":{"line":20,"column":25}},"7":{"start":{"line":24,"column":8},"end":{"line":24,"column":26}},"8":{"start":{"line":28,"column":8},"end":{"line":28,"column":25}},"9":{"start":{"line":32,"column":8},"end":{"line":32,"column":25}},"10":{"start":{"line":36,"column":8},"end":{"line":36,"column":25}},"11":{"start":{"line":40,"column":8},"end":{"line":40,"column":25}},"12":{"start":{"line":44,"column":8},"end":{"line":44,"column":30}},"13":{"start":{"line":4,"column":0},"end":{"line":4,"column":22}}},"fnMap":{"0":{"name":"(anonymous_0)","decl":{"start":{"line":6,"column":4},"end":{"line":6,"column":33}},"loc":{"start":{"line":9,"column":34},"end":{"line":9,"column":38}}},"1":{"name":"(anonymous_1)","decl":{"start":{"line":13,"column":4},"end":{"line":13,"column":31}},"loc":{"start":{"line":13,"column":52},"end":{"line":16,"column":5}}},"2":{"name":"(anonymous_2)","decl":{"start":{"line":18,"column":4},"end":{"line":18,"column":10}},"loc":{"start":{"line":18,"column":33},"end":{"line":21,"column":5}}},"3":{"name":"(anonymous_3)","decl":{"start":{"line":23,"column":4},"end":{"line":23,"column":12}},"loc":{"start":{"line":23,"column":12},"end":{"line":25,"column":5}}},"4":{"name":"(anonymous_4)","decl":{"start":{"line":27,"column":4},"end":{"line":27,"column":11}},"loc":{"start":{"line":27,"column":11},"end":{"line":29,"column":5}}},"5":{"name":"(anonymous_5)","decl":{"start":{"line":31,"column":4},"end":{"line":31,"column":11}},"loc":{"start":{"line":31,"column":11},"end":{"line":33,"column":5}}},"6":{"name":"(anonymous_6)","decl":{"start":{"line":35,"column":4},"end":{"line":35,"column":11}},"loc":{"start":{"line":35,"column":22},"end":{"line":37,"column":5}}},"7":{"name":"(anonymous_7)","decl":{"start":{"line":39,"column":4},"end":{"line":39,"column":11}},"loc":{"start":{"line":39,"column":22},"end":{"line":41,"column":5}}},"8":{"name":"(anonymous_8)","decl":{"start":{"line":43,"column":4},"end":{"line":43,"column":11}},"loc":{"start":{"line":43,"column":11},"end":{"line":45,"column":5}}}},"branchMap":{"0":{"loc":{"start":{"line":14,"column":15},"end":{"line":15,"column":52}},"type":"binary-expr","locations":[{"start":{"line":14,"column":15},"end":{"line":14,"column":51}},{"start":{"line":15,"column":16},"end":{"line":15,"column":52}}]}},"s":{"0":14,"1":14,"2":14,"3":14,"4":84,"5":0,"6":0,"7":19,"8":155,"9":104,"10":0,"11":0,"12":0,"13":6},"f":{"0":14,"1":84,"2":0,"3":19,"4":155,"5":104,"6":0,"7":0,"8":0},"b":{"0":[84,31]}}
,"C:\\Users\\57316\\Desktop\\Bootcamp_Jalasoft\\Backend\\FinalWork_ChessAPI\\entity\\queen.ts": {"path":"C:\\Users\\57316\\Desktop\\Bootcamp_Jalasoft\\Backend\\FinalWork_ChessAPI\\entity\\queen.ts","statementMap":{"0":{"start":{"line":1,"column":0},"end":{"line":1,"column":51}},"1":{"start":{"line":2,"column":0},"end":{"line":2,"column":32}},"2":{"start":{"line":7,"column":8},"end":{"line":9,"column":null}},"3":{"start":{"line":8,"column":12},"end":{"line":8,"column":25}},"4":{"start":{"line":11,"column":8},"end":{"line":13,"column":null}},"5":{"start":{"line":12,"column":12},"end":{"line":12,"column":25}},"6":{"start":{"line":15,"column":43},"end":{"line":16,"column":93}},"7":{"start":{"line":18,"column":57},"end":{"line":21,"column":127}},"8":{"start":{"line":23,"column":8},"end":{"line":23,"column":68}},"9":{"start":{"line":5,"column":0},"end":{"line":5,"column":13}}},"fnMap":{"0":{"name":"(anonymous_0)","decl":{"start":{"line":6,"column":4},"end":{"line":6,"column":13}},"loc":{"start":{"line":6,"column":34},"end":{"line":24,"column":5}}}},"branchMap":{"0":{"loc":{"start":{"line":7,"column":8},"end":{"line":9,"column":null}},"type":"if","locations":[{"start":{"line":7,"column":8},"end":{"line":9,"column":null}}]},"1":{"loc":{"start":{"line":11,"column":8},"end":{"line":13,"column":null}},"type":"if","locations":[{"start":{"line":11,"column":8},"end":{"line":13,"column":null}}]},"2":{"loc":{"start":{"line":18,"column":57},"end":{"line":21,"column":127}},"type":"binary-expr","locations":[{"start":{"line":18,"column":58},"end":{"line":18,"column":137}},{"start":{"line":19,"column":48},"end":{"line":19,"column":102}},{"start":{"line":20,"column":52},"end":{"line":20,"column":107}},{"start":{"line":21,"column":48},"end":{"line":21,"column":126}}]},"3":{"loc":{"start":{"line":23,"column":15},"end":{"line":23,"column":67}},"type":"binary-expr","locations":[{"start":{"line":23,"column":15},"end":{"line":23,"column":32}},{"start":{"line":23,"column":36},"end":{"line":23,"column":67}}]}},"s":{"0":1,"1":1,"2":12,"3":1,"4":11,"5":1,"6":10,"7":10,"8":10,"9":1},"f":{"0":12},"b":{"0":[1],"1":[1],"2":[10,2,8,2],"3":[10,6]}}
,"C:\\Users\\57316\\Desktop\\Bootcamp_Jalasoft\\Backend\\FinalWork_ChessAPI\\entity\\rook.ts": {"path":"C:\\Users\\57316\\Desktop\\Bootcamp_Jalasoft\\Backend\\FinalWork_ChessAPI\\entity\\rook.ts","statementMap":{"0":{"start":{"line":1,"column":0},"end":{"line":1,"column":32}},"1":{"start":{"line":3,"column":0},"end":{"line":3,"column":51}},"2":{"start":{"line":7,"column":8},"end":{"line":9,"column":null}},"3":{"start":{"line":8,"column":12},"end":{"line":8,"column":25}},"4":{"start":{"line":11,"column":8},"end":{"line":13,"column":null}},"5":{"start":{"line":12,"column":12},"end":{"line":12,"column":25}},"6":{"start":{"line":15,"column":8},"end":{"line":18,"column":88}},"7":{"start":{"line":5,"column":0},"end":{"line":5,"column":13}}},"fnMap":{"0":{"name":"(anonymous_0)","decl":{"start":{"line":6,"column":4},"end":{"line":6,"column":13}},"loc":{"start":{"line":6,"column":34},"end":{"line":19,"column":5}}}},"branchMap":{"0":{"loc":{"start":{"line":7,"column":8},"end":{"line":9,"column":null}},"type":"if","locations":[{"start":{"line":7,"column":8},"end":{"line":9,"column":null}}]},"1":{"loc":{"start":{"line":11,"column":8},"end":{"line":13,"column":null}},"type":"if","locations":[{"start":{"line":11,"column":8},"end":{"line":13,"column":null}}]},"2":{"loc":{"start":{"line":15,"column":15},"end":{"line":18,"column":87}},"type":"binary-expr","locations":[{"start":{"line":15,"column":16},"end":{"line":15,"column":95}},{"start":{"line":16,"column":8},"end":{"line":16,"column":62}},{"start":{"line":17,"column":12},"end":{"line":17,"column":67}},{"start":{"line":18,"column":8},"end":{"line":18,"column":86}}]}},"s":{"0":1,"1":1,"2":10,"3":1,"4":9,"5":1,"6":8,"7":1},"f":{"0":10},"b":{"0":[1],"1":[1],"2":[8,2,6,2]}}
,"C:\\Users\\57316\\Desktop\\Bootcamp_Jalasoft\\Backend\\FinalWork_ChessAPI\\entity\\square.ts": {"path":"C:\\Users\\57316\\Desktop\\Bootcamp_Jalasoft\\Backend\\FinalWork_ChessAPI\\entity\\square.ts","statementMap":{"0":{"start":{"line":9,"column":24},"end":{"line":9,"column":34}},"1":{"start":{"line":10,"column":24},"end":{"line":10,"column":34}},"2":{"start":{"line":11,"column":24},"end":{"line":11,"column":37}},"3":{"start":{"line":6,"column":12},"end":{"line":6,"column":47}},"4":{"start":{"line":7,"column":12},"end":{"line":7,"column":47}},"5":{"start":{"line":15,"column":8},"end":{"line":15,"column":25}},"6":{"start":{"line":19,"column":8},"end":{"line":19,"column":25}},"7":{"start":{"line":23,"column":8},"end":{"line":23,"column":26}},"8":{"start":{"line":27,"column":8},"end":{"line":27,"column":27}},"9":{"start":{"line":31,"column":27},"end":{"line":31,"column":37}},"10":{"start":{"line":32,"column":8},"end":{"line":32,"column":31}},"11":{"start":{"line":34,"column":8},"end":{"line":34,"column":28}},"12":{"start":{"line":38,"column":8},"end":{"line":38,"column":40}},"13":{"start":{"line":42,"column":8},"end":{"line":44,"column":null}},"14":{"start":{"line":43,"column":12},"end":{"line":43,"column":42}},"15":{"start":{"line":46,"column":8},"end":{"line":48,"column":null}},"16":{"start":{"line":47,"column":12},"end":{"line":47,"column":42}},"17":{"start":{"line":52,"column":36},"end":{"line":52,"column":38}},"18":{"start":{"line":54,"column":8},"end":{"line":56,"column":null}},"19":{"start":{"line":55,"column":12},"end":{"line":55,"column":39}},"20":{"start":{"line":58,"column":8},"end":{"line":60,"column":null}},"21":{"start":{"line":59,"column":12},"end":{"line":59,"column":39}},"22":{"start":{"line":62,"column":8},"end":{"line":62,"column":28}},"23":{"start":{"line":66,"column":8},"end":{"line":68,"column":null}},"24":{"start":{"line":67,"column":12},"end":{"line":67,"column":43}},"25":{"start":{"line":70,"column":8},"end":{"line":72,"column":null}},"26":{"start":{"line":71,"column":12},"end":{"line":71,"column":43}},"27":{"start":{"line":4,"column":0},"end":{"line":4,"column":13}}},"fnMap":{"0":{"name":"(anonymous_0)","decl":{"start":{"line":9,"column":4},"end":{"line":9,"column":24}},"loc":{"start":{"line":11,"column":37},"end":{"line":12,"column":5}}},"1":{"name":"(anonymous_1)","decl":{"start":{"line":14,"column":4},"end":{"line":14,"column":11}},"loc":{"start":{"line":14,"column":11},"end":{"line":16,"column":5}}},"2":{"name":"(anonymous_2)","decl":{"start":{"line":18,"column":4},"end":{"line":18,"column":11}},"loc":{"start":{"line":18,"column":11},"end":{"line":20,"column":5}}},"3":{"name":"(anonymous_3)","decl":{"start":{"line":22,"column":4},"end":{"line":22,"column":12}},"loc":{"start":{"line":22,"column":12},"end":{"line":24,"column":5}}},"4":{"name":"(anonymous_4)","decl":{"start":{"line":26,"column":4},"end":{"line":26,"column":12}},"loc":{"start":{"line":26,"column":25},"end":{"line":28,"column":5}}},"5":{"name":"(anonymous_5)","decl":{"start":{"line":30,"column":4},"end":{"line":30,"column":15}},"loc":{"start":{"line":30,"column":15},"end":{"line":35,"column":5}}},"6":{"name":"(anonymous_6)","decl":{"start":{"line":37,"column":4},"end":{"line":37,"column":11}},"loc":{"start":{"line":37,"column":11},"end":{"line":39,"column":5}}},"7":{"name":"(anonymous_7)","decl":{"start":{"line":41,"column":4},"end":{"line":41,"column":19}},"loc":{"start":{"line":41,"column":32},"end":{"line":49,"column":5}}},"8":{"name":"(anonymous_8)","decl":{"start":{"line":51,"column":4},"end":{"line":51,"column":19}},"loc":{"start":{"line":51,"column":19},"end":{"line":63,"column":5}}},"9":{"name":"(anonymous_9)","decl":{"start":{"line":65,"column":4},"end":{"line":65,"column":22}},"loc":{"start":{"line":65,"column":35},"end":{"line":73,"column":5}}}},"branchMap":{"0":{"loc":{"start":{"line":42,"column":8},"end":{"line":44,"column":null}},"type":"if","locations":[{"start":{"line":42,"column":8},"end":{"line":44,"column":null}}]},"1":{"loc":{"start":{"line":46,"column":8},"end":{"line":48,"column":null}},"type":"if","locations":[{"start":{"line":46,"column":8},"end":{"line":48,"column":null}}]},"2":{"loc":{"start":{"line":54,"column":8},"end":{"line":56,"column":null}},"type":"if","locations":[{"start":{"line":54,"column":8},"end":{"line":56,"column":null}}]},"3":{"loc":{"start":{"line":58,"column":8},"end":{"line":60,"column":null}},"type":"if","locations":[{"start":{"line":58,"column":8},"end":{"line":60,"column":null}}]},"4":{"loc":{"start":{"line":66,"column":8},"end":{"line":68,"column":null}},"type":"if","locations":[{"start":{"line":66,"column":8},"end":{"line":68,"column":null}}]},"5":{"loc":{"start":{"line":70,"column":8},"end":{"line":72,"column":null}},"type":"if","locations":[{"start":{"line":70,"column":8},"end":{"line":72,"column":null}}]}},"s":{"0":84,"1":84,"2":84,"3":84,"4":84,"5":239,"6":135,"7":0,"8":0,"9":0,"10":0,"11":0,"12":78,"13":0,"14":0,"15":0,"16":0,"17":0,"18":0,"19":0,"20":0,"21":0,"22":0,"23":0,"24":0,"25":0,"26":0,"27":6},"f":{"0":84,"1":239,"2":135,"3":0,"4":0,"5":0,"6":78,"7":0,"8":0,"9":0},"b":{"0":[0],"1":[0],"2":[0],"3":[0],"4":[0],"5":[0]}}
,"C:\\Users\\57316\\Desktop\\Bootcamp_Jalasoft\\Backend\\FinalWork_ChessAPI\\shared\\file.mapper.ts": {"path":"C:\\Users\\57316\\Desktop\\Bootcamp_Jalasoft\\Backend\\FinalWork_ChessAPI\\shared\\file.mapper.ts","statementMap":{"0":{"start":{"line":1,"column":0},"end":{"line":1,"column":null}},"1":{"start":{"line":2,"column":4},"end":{"line":2,"column":null}},"2":{"start":{"line":3,"column":4},"end":{"line":3,"column":null}},"3":{"start":{"line":4,"column":4},"end":{"line":4,"column":null}},"4":{"start":{"line":5,"column":4},"end":{"line":5,"column":null}},"5":{"start":{"line":6,"column":4},"end":{"line":6,"column":null}},"6":{"start":{"line":7,"column":4},"end":{"line":7,"column":null}},"7":{"start":{"line":8,"column":4},"end":{"line":8,"column":null}},"8":{"start":{"line":9,"column":4},"end":{"line":9,"column":null}}},"fnMap":{"0":{"name":"(anonymous_0)","decl":{"start":{"line":1,"column":0},"end":{"line":1,"column":12}},"loc":{"start":{"line":1,"column":22},"end":{"line":10,"column":1}}}},"branchMap":{"0":{"loc":{"start":{"line":1,"column":12},"end":{"line":1,"column":null}},"type":"binary-expr","locations":[{"start":{"line":1,"column":12},"end":{"line":1,"column":22}},{"start":{"line":1,"column":12},"end":{"line":1,"column":null}}]}},"s":{"0":6,"1":6,"2":6,"3":6,"4":6,"5":6,"6":6,"7":6,"8":6},"f":{"0":6},"b":{"0":[6,6]}}
}
