TN:
SF:entity\bishop.ts
FN:6,(anonymous_0)
FNF:1
FNH:1
FNDA:9869,(anonymous_0)
DA:1,5
DA:4,5
DA:7,9869
DA:8,155
DA:11,9714
LF:5
LH:5
BRDA:7,0,0,155
BRDA:11,1,0,9714
BRDA:11,1,1,7403
BRF:3
BRH:3
end_of_record
TN:
SF:entity\board.ts
FN:7,(anonymous_0)
FN:9,(anonymous_1)
FN:13,(anonymous_2)
FN:17,(anonymous_3)
FNF:4
FNH:3
FNDA:26,(anonymous_0)
FNDA:0,(anonymous_1)
FNDA:6066,(anonymous_2)
FNDA:10347,(anonymous_3)
DA:3,5
DA:5,5
DA:7,26
DA:10,0
DA:14,6066
DA:18,10347
LF:6
LH:5
BRF:0
BRH:0
end_of_record
TN:
SF:entity\game.ts
FN:11,(anonymous_0)
FN:15,(anonymous_1)
FN:19,(anonymous_2)
FN:23,(anonymous_3)
FN:27,(anonymous_4)
FN:31,(anonymous_5)
FN:35,(anonymous_6)
FN:39,(anonymous_7)
FN:43,(anonymous_8)
FN:47,(anonymous_9)
FN:51,(anonymous_10)
FNF:11
FNH:8
FNDA:26,(anonymous_0)
FNDA:0,(anonymous_1)
FNDA:0,(anonymous_2)
FNDA:67,(anonymous_3)
FNDA:0,(anonymous_4)
FNDA:86,(anonymous_5)
FNDA:67,(anonymous_6)
FNDA:67,(anonymous_7)
FNDA:19,(anonymous_8)
FNDA:130,(anonymous_9)
FNDA:67,(anonymous_10)
DA:5,5
DA:7,26
DA:8,26
DA:9,26
DA:11,26
DA:12,26
DA:13,26
DA:16,0
DA:20,0
DA:24,67
DA:28,0
DA:32,86
DA:36,67
DA:40,67
DA:44,19
DA:48,130
DA:52,67
LF:17
LH:14
BRF:0
BRH:0
end_of_record
TN:
SF:entity\king.ts
FN:6,(anonymous_0)
FNF:1
FNH:1
FNDA:4557,(anonymous_0)
DA:1,5
DA:4,5
DA:7,4557
DA:8,72
DA:11,4485
LF:5
LH:5
BRDA:7,0,0,72
BRDA:11,1,0,4485
BRDA:11,1,1,3419
BRF:3
BRH:3
end_of_record
TN:
SF:entity\knight.ts
FN:6,(anonymous_0)
FNF:1
FNH:1
FNDA:9105,(anonymous_0)
DA:1,6
DA:4,6
DA:7,9105
DA:8,143
DA:11,8962
LF:5
LH:5
BRDA:7,0,0,143
BRDA:11,1,0,8962
BRDA:11,1,1,6831
BRF:3
BRH:3
end_of_record
TN:
SF:entity\message.ts
FN:3,(anonymous_0)
FNF:1
FNH:1
FNDA:29,(anonymous_0)
DA:1,5
DA:3,29
LF:2
LH:2
BRF:0
BRH:0
end_of_record
TN:
SF:entity\pawn.ts
FN:8,(anonymous_0)
FN:18,(anonymous_1)
FN:26,(anonymous_2)
FN:40,(anonymous_3)
FN:54,(anonymous_4)
FNF:5
FNH:5
FNDA:44064,(anonymous_0)
FNDA:43375,(anonymous_1)
FNDA:42095,(anonymous_2)
FNDA:42777,(anonymous_3)
FNDA:43375,(anonymous_4)
DA:1,6
DA:2,6
DA:6,6
DA:9,44064
DA:10,689
DA:13,43375
DA:19,43375
DA:20,19229
DA:22,24146
DA:29,42095
DA:30,18674
DA:32,23421
DA:35,42095
DA:43,42777
DA:44,18976
DA:46,23801
DA:49,42777
DA:55,43375
DA:56,5357
DA:61,38018
DA:62,16078
DA:64,21940
DA:67,38018
LF:23
LH:23
BRDA:9,0,0,689
BRDA:13,1,0,43375
BRDA:13,1,1,42777
BRDA:13,1,2,42095
BRDA:19,2,0,19229
BRDA:19,2,1,24146
BRDA:29,3,0,18674
BRDA:29,3,1,23421
BRDA:35,4,0,42095
BRDA:35,4,1,11017
BRDA:35,4,2,2438
BRDA:43,5,0,18976
BRDA:43,5,1,23801
BRDA:49,6,0,42777
BRDA:49,6,1,21435
BRDA:49,6,2,2165
BRDA:55,7,0,5357
BRDA:61,8,0,16078
BRDA:61,8,1,21940
BRDA:67,9,0,38018
BRDA:67,9,1,19311
BRDA:67,9,2,2419
BRF:22
BRH:22
end_of_record
TN:
SF:entity\piece.ts
FN:7,(anonymous_0)
FN:14,(anonymous_1)
FN:19,(anonymous_2)
FN:24,(anonymous_3)
FN:34,(anonymous_4)
FN:39,(anonymous_5)
FN:44,(anonymous_6)
FN:49,(anonymous_7)
FN:54,(anonymous_8)
FN:58,(anonymous_9)
FN:62,(anonymous_10)
FN:66,(anonymous_11)
FN:70,(anonymous_12)
FN:74,(anonymous_13)
FNF:14
FNH:12
FNDA:865,(anonymous_0)
FNDA:11782,(anonymous_1)
FNDA:3419,(anonymous_2)
FNDA:6831,(anonymous_3)
FNDA:11765,(anonymous_4)
FNDA:11891,(anonymous_5)
FNDA:84067,(anonymous_6)
FNDA:67,(anonymous_7)
FNDA:217508,(anonymous_8)
FNDA:90752,(anonymous_9)
FNDA:83159,(anonymous_10)
FNDA:0,(anonymous_11)
FNDA:0,(anonymous_12)
FNDA:5689,(anonymous_13)
DA:1,6
DA:5,6
DA:7,865
DA:8,865
DA:9,865
DA:10,865
DA:15,11782
DA:20,3419
DA:25,6831
DA:28,6831
DA:31,6831
DA:35,11765
DA:40,11891
DA:45,84067
DA:50,67
DA:51,67
DA:55,217508
DA:59,90752
DA:63,83159
DA:67,0
DA:71,0
DA:75,5689
LF:22
LH:20
BRDA:20,0,0,3419
BRDA:20,0,1,91
BRDA:25,1,0,6831
BRDA:25,1,1,1706
BRDA:28,2,0,6831
BRDA:28,2,1,863
BRDA:31,3,0,6831
BRDA:31,3,1,6806
BRDA:35,4,0,11765
BRDA:35,4,1,1538
BRDA:40,5,0,11891
BRDA:40,5,1,126
BRDA:45,6,0,84067
BRDA:45,6,1,10532
BRF:14
BRH:14
end_of_record
TN:
SF:entity\player.ts
FN:5,(anonymous_0)
FN:8,(anonymous_1)
FN:12,(anonymous_2)
FNF:3
FNH:1
FNDA:52,(anonymous_0)
FNDA:0,(anonymous_1)
FNDA:0,(anonymous_2)
DA:3,5
DA:5,52
DA:6,52
DA:9,0
DA:13,0
LF:5
LH:3
BRF:0
BRH:0
end_of_record
TN:
SF:entity\queen.ts
FN:6,(anonymous_0)
FNF:1
FNH:1
FNDA:5837,(anonymous_0)
DA:2,5
DA:5,5
DA:7,5837
DA:8,92
DA:11,5745
LF:5
LH:5
BRDA:7,0,0,92
BRDA:11,1,0,5745
BRDA:11,1,1,4379
BRDA:11,1,2,3914
BRDA:11,1,3,3878
BRF:5
BRH:5
end_of_record
TN:
SF:entity\rook.ts
FN:6,(anonymous_0)
FNF:1
FNH:1
FNDA:10635,(anonymous_0)
DA:1,5
DA:4,5
DA:7,10635
DA:8,167
DA:11,10468
LF:5
LH:5
BRDA:7,0,0,167
BRDA:11,1,0,10468
BRDA:11,1,1,7977
BRDA:11,1,2,7887
BRF:4
BRH:4
end_of_record
TN:
SF:entity\square.ts
FN:7,(anonymous_0)
FN:12,(anonymous_1)
FN:16,(anonymous_2)
FN:20,(anonymous_3)
FN:24,(anonymous_4)
FN:28,(anonymous_5)
FN:35,(anonymous_6)
FN:39,(anonymous_7)
FN:43,(anonymous_8)
FNF:9
FNH:9
FNDA:1763,(anonymous_0)
FNDA:191921,(anonymous_1)
FNDA:68283,(anonymous_2)
FNDA:9140,(anonymous_3)
FNDA:1037,(anonymous_4)
FNDA:205,(anonymous_5)
FNDA:128771,(anonymous_6)
FNDA:61449,(anonymous_7)
FNDA:39374,(anonymous_8)
DA:1,6
DA:5,6
DA:7,1763
DA:8,1763
DA:9,1763
DA:13,191921
DA:17,68283
DA:21,9140
DA:25,1037
DA:29,205
DA:30,205
DA:32,205
DA:36,128771
DA:40,61449
DA:44,39374
LF:15
LH:15
BRDA:40,0,0,20753
BRDA:40,0,1,40696
BRDA:40,1,0,61449
BRDA:40,1,1,61449
BRDA:44,2,0,39374
BRDA:44,2,1,19354
BRF:6
BRH:6
end_of_record
TN:
SF:service\board.service.ts
FN:23,(anonymous_4)
FN:25,(anonymous_5)
FN:82,(anonymous_6)
FN:87,(anonymous_7)
FN:93,(anonymous_8)
FN:110,(anonymous_9)
FN:125,(anonymous_10)
FN:131,(anonymous_11)
FN:135,(anonymous_12)
FN:153,(anonymous_13)
FN:156,(anonymous_14)
FN:161,(anonymous_15)
FN:166,(anonymous_16)
FN:168,(anonymous_17)
FN:176,(anonymous_18)
FN:180,(anonymous_19)
FNF:16
FNH:16
FNDA:5,(anonymous_4)
FNDA:26,(anonymous_5)
FNDA:91,(anonymous_6)
FNDA:433,(anonymous_7)
FNDA:91,(anonymous_8)
FNDA:91,(anonymous_9)
FNDA:176,(anonymous_10)
FNDA:140,(anonymous_11)
FNDA:8960,(anonymous_12)
FNDA:69,(anonymous_13)
FNDA:1104,(anonymous_14)
FNDA:71,(anonymous_15)
FNDA:1136,(anonymous_16)
FNDA:1653,(anonymous_17)
FNDA:71,(anonymous_18)
FNDA:89,(anonymous_19)
DA:1,5
DA:2,5
DA:3,5
DA:4,5
DA:6,5
DA:7,5
DA:8,5
DA:9,5
DA:10,5
DA:12,5
DA:14,5
DA:16,5
DA:19,5
DA:23,5
DA:26,26
DA:27,26
DA:29,26
DA:30,208
DA:32,1664
DA:33,1664
DA:37,26
DA:38,26
DA:39,26
DA:41,26
DA:42,52
DA:44,52
DA:45,52
DA:47,52
DA:48,52
DA:50,52
DA:51,52
DA:53,52
DA:54,52
DA:56,52
DA:57,52
DA:59,52
DA:60,52
DA:62,52
DA:63,52
DA:65,52
DA:66,52
DA:68,52
DA:69,52
DA:70,52
DA:71,416
DA:72,416
DA:76,26
DA:77,26
DA:79,26
DA:83,91
DA:84,91
DA:88,433
DA:90,433
DA:95,91
DA:97,91
DA:98,2
DA:99,2
DA:102,89
DA:103,87
DA:105,2
DA:111,91
DA:112,91
DA:114,91
DA:115,67
DA:116,67
DA:117,67
DA:119,67
DA:121,24
DA:126,176
DA:128,176
DA:132,140
DA:133,140
DA:135,140
DA:136,8960
DA:137,8960
DA:138,2240
DA:140,8960
DA:141,2240
DA:145,140
DA:150,140
DA:154,69
DA:155,69
DA:156,1104
DA:158,69
DA:162,71
DA:163,71
DA:164,71
DA:166,71
DA:167,1136
DA:168,1136
DA:169,1653
DA:173,71
DA:177,71
DA:181,89
DA:184,89
DA:185,89
DA:186,69
DA:187,69
DA:188,69
DA:189,69
DA:190,69
DA:191,69
DA:192,69
DA:196,20
LF:104
LH:104
BRDA:97,0,0,2
BRDA:102,1,0,87
BRDA:102,1,1,2
BRDA:114,2,0,67
BRDA:114,2,1,24
BRDA:137,3,0,2240
BRDA:137,4,0,4480
BRDA:137,4,1,4480
BRDA:137,5,0,8960
BRDA:137,5,1,8960
BRDA:140,6,0,2240
BRDA:140,7,0,4480
BRDA:140,7,1,4480
BRDA:140,8,0,8960
BRDA:140,8,1,8960
BRDA:184,9,0,89
BRDA:185,10,0,69
BRF:17
BRH:17
end_of_record
TN:
SF:service\game.service.ts
FN:18,(anonymous_4)
FN:20,(anonymous_5)
FN:27,(anonymous_6)
FN:31,(anonymous_7)
FN:39,(anonymous_8)
FN:45,(anonymous_9)
FN:49,(anonymous_10)
FN:53,(anonymous_11)
FN:61,(anonymous_12)
FNF:9
FNH:7
FNDA:5,(anonymous_4)
FNDA:26,(anonymous_5)
FNDA:0,(anonymous_6)
FNDA:0,(anonymous_7)
FNDA:67,(anonymous_8)
FNDA:91,(anonymous_9)
FNDA:39,(anonymous_10)
FNDA:67,(anonymous_11)
FNDA:91,(anonymous_12)
DA:1,5
DA:3,5
DA:5,5
DA:6,5
DA:7,5
DA:11,5
DA:14,5
DA:18,5
DA:21,26
DA:22,26
DA:23,26
DA:24,26
DA:28,0
DA:32,0
DA:33,0
DA:34,0
DA:36,0
DA:40,67
DA:41,19
DA:46,91
DA:50,39
DA:54,67
DA:55,27
DA:57,40
DA:63,91
DA:65,91
DA:66,91
DA:69,91
DA:71,91
DA:72,24
DA:74,67
DA:75,67
DA:76,67
DA:77,67
DA:78,67
DA:79,67
DA:82,0
DA:85,0
LF:38
LH:31
BRDA:40,0,0,19
BRDA:40,1,0,67
BRDA:40,1,1,19
BRDA:54,2,0,27
BRDA:54,2,1,40
BRDA:65,3,0,91
BRDA:65,3,1,0
BRDA:66,4,0,91
BRDA:66,4,1,0
BRDA:66,5,0,91
BRDA:66,5,1,52
BRDA:66,5,2,39
BRDA:66,5,3,39
BRDA:71,6,0,24
BRDA:71,6,1,67
BRF:15
BRH:13
end_of_record
TN:
SF:service\piece.service.ts
FN:13,(anonymous_2)
FN:17,(anonymous_3)
FN:36,(anonymous_4)
FN:40,(anonymous_5)
FN:44,(anonymous_6)
FN:47,(anonymous_7)
FN:56,(anonymous_8)
FN:71,(anonymous_9)
FN:124,(anonymous_10)
FN:156,(anonymous_11)
FN:183,(anonymous_12)
FN:215,(anonymous_13)
FN:222,(anonymous_14)
FN:229,(anonymous_15)
FN:239,(anonymous_16)
FN:253,(anonymous_17)
FN:267,(anonymous_18)
FN:282,(anonymous_19)
FN:297,(anonymous_20)
FN:313,(anonymous_21)
FN:328,(anonymous_22)
FN:343,(anonymous_23)
FNF:22
FNH:21
FNDA:5,(anonymous_2)
FNDA:1312,(anonymous_3)
FNDA:91,(anonymous_4)
FNDA:0,(anonymous_5)
FNDA:4494,(anonymous_6)
FNDA:8602,(anonymous_7)
FNDA:4494,(anonymous_8)
FNDA:1037,(anonymous_9)
FNDA:782,(anonymous_10)
FNDA:1284,(anonymous_11)
FNDA:1078,(anonymous_12)
FNDA:3399,(anonymous_13)
FNDA:583,(anonymous_14)
FNDA:469,(anonymous_15)
FNDA:1202,(anonymous_16)
FNDA:1606,(anonymous_17)
FNDA:46,(anonymous_18)
FNDA:76,(anonymous_19)
FNDA:245,(anonymous_20)
FNDA:279,(anonymous_21)
FNDA:381,(anonymous_22)
FNDA:338,(anonymous_23)
DA:1,5
DA:2,5
DA:7,5
DA:11,5
DA:18,1312
DA:19,1312
DA:20,1312
DA:21,1312
DA:23,1312
DA:24,83968
DA:25,83968
DA:26,4494
DA:27,4494
DA:28,1943
DA:33,1312
DA:37,91
DA:41,0
DA:45,4494
DA:47,4494
DA:48,8602
DA:49,3027
DA:53,4494
DA:57,4494
DA:59,1078
DA:61,1284
DA:63,782
DA:65,1037
DA:67,313
DA:72,1037
DA:73,1037
DA:74,1037
DA:75,1037
DA:76,1037
DA:77,1037
DA:79,1037
DA:80,542
DA:81,232
DA:84,310
DA:85,310
DA:89,495
DA:90,34
DA:91,2
DA:94,32
DA:95,32
DA:99,461
DA:100,461
DA:102,79
DA:105,382
DA:107,119
DA:110,263
DA:112,158
DA:115,105
DA:117,105
DA:121,0
DA:125,782
DA:126,782
DA:128,782
DA:129,782
DA:130,782
DA:131,782
DA:133,782
DA:135,166
DA:138,616
DA:140,160
DA:143,456
DA:145,223
DA:148,233
DA:150,233
DA:153,0
DA:157,1284
DA:158,1284
DA:159,1284
DA:160,1284
DA:162,1284
DA:163,1276
DA:164,553
DA:167,723
DA:168,723
DA:172,8
DA:173,8
DA:174,8
DA:176,8
DA:177,8
DA:180,8
DA:185,1078
DA:186,1078
DA:187,1078
DA:188,1078
DA:189,1078
DA:190,1078
DA:192,1078
DA:193,990
DA:194,417
DA:197,573
DA:198,573
DA:202,88
DA:203,88
DA:204,44
DA:207,44
DA:208,44
DA:212,0
DA:216,3399
DA:217,3399
DA:219,3399
DA:223,583
DA:224,583
DA:226,583
DA:230,469
DA:231,469
DA:232,469
DA:233,469
DA:235,469
DA:240,1202
DA:241,1202
DA:242,1202
DA:243,1202
DA:245,1202
DA:246,2416
DA:247,2416
DA:250,1202
DA:254,1606
DA:255,1606
DA:256,1606
DA:257,1606
DA:259,1606
DA:260,3331
DA:261,3331
DA:264,1606
DA:268,46
DA:269,46
DA:270,46
DA:271,46
DA:273,46
DA:274,154
DA:275,154
DA:276,154
DA:279,46
DA:283,76
DA:284,76
DA:285,76
DA:286,76
DA:288,76
DA:289,246
DA:290,246
DA:291,246
DA:294,76
DA:298,245
DA:299,245
DA:300,245
DA:301,245
DA:302,245
DA:304,245
DA:305,448
DA:306,448
DA:307,448
DA:310,245
DA:314,279
DA:315,279
DA:316,279
DA:317,279
DA:318,279
DA:320,279
DA:321,569
DA:322,569
DA:323,569
DA:325,279
DA:329,381
DA:330,381
DA:331,381
DA:332,381
DA:333,381
DA:335,381
DA:336,792
DA:337,792
DA:338,792
DA:340,381
DA:344,338
DA:345,338
DA:346,338
DA:347,338
DA:348,338
DA:350,338
DA:351,638
DA:352,638
DA:353,638
DA:355,338
LF:186
LH:182
BRDA:25,0,0,4494
BRDA:27,1,0,1943
BRDA:48,2,0,3027
BRDA:57,3,0,1078
BRDA:57,3,1,1284
BRDA:57,3,2,782
BRDA:57,3,3,1037
BRDA:57,3,4,313
BRDA:79,4,0,542
BRDA:80,5,0,232
BRDA:84,6,0,310
BRDA:89,7,0,34
BRDA:90,8,0,2
BRDA:94,9,0,32
BRDA:99,10,0,461
BRDA:100,11,0,79
BRDA:100,12,0,461
BRDA:100,12,1,198
BRDA:105,13,0,119
BRDA:105,14,0,382
BRDA:105,14,1,119
BRDA:110,15,0,158
BRDA:110,16,0,263
BRDA:110,16,1,263
BRDA:115,17,0,105
BRDA:115,18,0,105
BRDA:115,18,1,105
BRDA:133,19,0,166
BRDA:133,20,0,782
BRDA:133,20,1,326
BRDA:138,21,0,160
BRDA:138,22,0,616
BRDA:138,22,1,160
BRDA:143,23,0,223
BRDA:143,24,0,456
BRDA:143,24,1,456
BRDA:148,25,0,233
BRDA:148,26,0,233
BRDA:148,26,1,233
BRDA:162,27,0,1276
BRDA:163,28,0,553
BRDA:167,29,0,723
BRDA:172,30,0,8
BRDA:192,31,0,990
BRDA:193,32,0,417
BRDA:197,33,0,573
BRDA:202,34,0,88
BRDA:203,35,0,44
BRDA:207,36,0,44
BRF:49
BRH:49
end_of_record
TN:
SF:shared\file.mapper.ts
FN:3,(anonymous_0)
FN:14,turnNumberIntoFile
FNF:2
FNH:2
FNDA:6,(anonymous_0)
FNDA:2847,turnNumberIntoFile
DA:3,6
DA:4,6
DA:5,6
DA:6,6
DA:7,6
DA:8,6
DA:9,6
DA:10,6
DA:11,6
DA:14,6
DA:15,2847
DA:16,2847
LF:12
LH:12
BRDA:3,0,0,6
BRDA:3,0,1,6
BRF:2
BRH:2
end_of_record
TN:
SF:shared\inversify.types.ts
FNF:0
FNH:0
DA:1,5
DA:7,5
LF:2
LH:2
BRF:0
BRH:0
end_of_record
TN:
SF:shared\oppositeColor.mapper.ts
FN:1,(anonymous_0)
FNF:1
FNH:1
FNDA:6,(anonymous_0)
DA:1,6
DA:2,6
DA:3,6
LF:3
LH:3
BRDA:1,0,0,6
BRDA:1,0,1,6
BRF:2
BRH:2
end_of_record
