TN:
SF:entity\bishop.ts
FN:6,(anonymous_0)
FNF:1
FNH:1
FNDA:12,(anonymous_0)
DA:1,1
DA:3,1
DA:5,1
DA:7,12
DA:8,1
DA:11,11
DA:12,1
DA:15,10
LF:8
LH:8
BRDA:7,0,0,1
BRDA:11,1,0,1
BRF:2
BRH:2
end_of_record
TN:
SF:entity\king.ts
FN:7,(anonymous_0)
FNF:1
FNH:1
FNDA:12,(anonymous_0)
DA:1,1
DA:3,1
DA:5,1
DA:8,12
DA:9,1
DA:12,11
DA:13,1
DA:16,10
LF:8
LH:8
BRDA:8,0,0,1
BRDA:12,1,0,1
BRDA:16,2,0,10
BRDA:16,2,1,9
BRF:4
BRH:4
end_of_record
TN:
SF:entity\knight.ts
FN:6,(anonymous_0)
FNF:1
FNH:1
FNDA:16,(anonymous_0)
DA:1,1
DA:2,1
DA:5,1
DA:7,16
DA:8,1
DA:11,15
DA:12,1
DA:15,14
DA:18,14
DA:21,14
LF:10
LH:10
BRDA:7,0,0,1
BRDA:11,1,0,1
BRDA:15,2,0,14
BRDA:15,2,1,6
BRDA:18,3,0,14
BRDA:18,3,1,6
BRDA:21,4,0,14
BRDA:21,4,1,10
BRF:8
BRH:8
end_of_record
TN:
SF:entity\pawn.ts
FN:7,(anonymous_0)
FNF:1
FNH:1
FNDA:22,(anonymous_0)
DA:1,6
DA:2,6
DA:5,6
DA:8,22
DA:9,1
DA:12,21
DA:13,2
DA:16,19
DA:18,19
DA:20,19
DA:22,19
DA:25,19
DA:26,9
DA:28,10
LF:14
LH:14
BRDA:8,0,0,1
BRDA:12,1,0,2
BRDA:16,2,0,19
BRDA:16,2,1,6
BRDA:18,3,0,19
BRDA:18,3,1,6
BRDA:20,4,0,19
BRDA:20,4,1,9
BRDA:20,4,2,7
BRDA:22,5,0,19
BRDA:22,5,1,9
BRDA:22,5,2,7
BRDA:25,6,0,9
BRDA:25,6,1,10
BRDA:26,7,0,9
BRDA:26,7,1,7
BRDA:28,8,0,10
BRDA:28,8,1,8
BRF:18
BRH:18
end_of_record
TN:
SF:entity\piece.ts
FN:6,(anonymous_0)
FN:13,(anonymous_1)
FN:18,(anonymous_2)
FN:23,(anonymous_3)
FN:27,(anonymous_4)
FN:31,(anonymous_5)
FN:35,(anonymous_6)
FN:39,(anonymous_7)
FN:43,(anonymous_8)
FNF:9
FNH:5
FNDA:14,(anonymous_0)
FNDA:84,(anonymous_1)
FNDA:0,(anonymous_2)
FNDA:19,(anonymous_3)
FNDA:155,(anonymous_4)
FNDA:104,(anonymous_5)
FNDA:0,(anonymous_6)
FNDA:0,(anonymous_7)
FNDA:0,(anonymous_8)
DA:4,6
DA:6,14
DA:7,14
DA:8,14
DA:9,14
DA:14,84
DA:19,0
DA:20,0
DA:24,19
DA:28,155
DA:32,104
DA:36,0
DA:40,0
DA:44,0
LF:14
LH:9
BRDA:14,0,0,84
BRDA:14,0,1,31
BRF:2
BRH:2
end_of_record
TN:
SF:entity\queen.ts
FN:6,(anonymous_0)
FNF:1
FNH:1
FNDA:12,(anonymous_0)
DA:1,1
DA:2,1
DA:5,1
DA:7,12
DA:8,1
DA:11,11
DA:12,1
DA:15,10
DA:18,10
DA:23,10
LF:10
LH:10
BRDA:7,0,0,1
BRDA:11,1,0,1
BRDA:18,2,0,10
BRDA:18,2,1,2
BRDA:18,2,2,8
BRDA:18,2,3,2
BRDA:23,3,0,10
BRDA:23,3,1,6
BRF:8
BRH:8
end_of_record
TN:
SF:entity\rook.ts
FN:6,(anonymous_0)
FNF:1
FNH:1
FNDA:10,(anonymous_0)
DA:1,1
DA:3,1
DA:5,1
DA:7,10
DA:8,1
DA:11,9
DA:12,1
DA:15,8
LF:8
LH:8
BRDA:7,0,0,1
BRDA:11,1,0,1
BRDA:15,2,0,8
BRDA:15,2,1,2
BRDA:15,2,2,6
BRDA:15,2,3,2
BRF:6
BRH:6
end_of_record
TN:
SF:entity\square.ts
FN:9,(anonymous_0)
FN:14,(anonymous_1)
FN:18,(anonymous_2)
FN:22,(anonymous_3)
FN:26,(anonymous_4)
FN:30,(anonymous_5)
FN:37,(anonymous_6)
FN:41,(anonymous_7)
FN:51,(anonymous_8)
FN:65,(anonymous_9)
FNF:10
FNH:4
FNDA:84,(anonymous_0)
FNDA:239,(anonymous_1)
FNDA:135,(anonymous_2)
FNDA:0,(anonymous_3)
FNDA:0,(anonymous_4)
FNDA:0,(anonymous_5)
FNDA:78,(anonymous_6)
FNDA:0,(anonymous_7)
FNDA:0,(anonymous_8)
FNDA:0,(anonymous_9)
DA:4,6
DA:6,84
DA:7,84
DA:9,84
DA:10,84
DA:11,84
DA:15,239
DA:19,135
DA:23,0
DA:27,0
DA:31,0
DA:32,0
DA:34,0
DA:38,78
DA:42,0
DA:43,0
DA:46,0
DA:47,0
DA:52,0
DA:54,0
DA:55,0
DA:58,0
DA:59,0
DA:62,0
DA:66,0
DA:67,0
DA:70,0
DA:71,0
LF:28
LH:9
BRDA:42,0,0,0
BRDA:46,1,0,0
BRDA:54,2,0,0
BRDA:58,3,0,0
BRDA:66,4,0,0
BRDA:70,5,0,0
BRF:6
BRH:0
end_of_record
TN:
SF:shared\file.mapper.ts
FN:1,(anonymous_0)
FNF:1
FNH:1
FNDA:6,(anonymous_0)
DA:1,6
DA:2,6
DA:3,6
DA:4,6
DA:5,6
DA:6,6
DA:7,6
DA:8,6
DA:9,6
LF:9
LH:9
BRDA:1,0,0,6
BRDA:1,0,1,6
BRF:2
BRH:2
end_of_record
