<?xml version="1.0" encoding="UTF-8"?>
<coverage generated="1651202226924" clover="3.2.0">
  <project timestamp="1651202226925" name="All files">
    <metrics statements="24" coveredstatements="23" conditionals="9" coveredconditionals="9" methods="8" coveredmethods="7" elements="41" coveredelements="39" complexity="0" loc="24" ncloc="24" packages="1" files="5" classes="5"/>
    <file name="bishop.ts" path="C:\Users\57316\Desktop\Bootcamp_Jalasoft\Backend\TypeScript\classes-practice\src\bishop.ts">
      <metrics statements="3" coveredstatements="3" conditionals="0" coveredconditionals="0" methods="1" coveredmethods="1"/>
      <line num="1" count="1" type="stmt"/>
      <line num="4" count="1" type="stmt"/>
      <line num="7" count="10" type="stmt"/>
    </file>
    <file name="king.ts" path="C:\Users\57316\Desktop\Bootcamp_Jalasoft\Backend\TypeScript\classes-practice\src\king.ts">
      <metrics statements="5" coveredstatements="5" conditionals="5" coveredconditionals="5" methods="1" coveredmethods="1"/>
      <line num="1" count="1" type="stmt"/>
      <line num="4" count="1" type="stmt"/>
      <line num="8" count="4" type="cond" truecount="3" falsecount="0"/>
      <line num="10" count="1" type="stmt"/>
      <line num="13" count="3" type="cond" truecount="2" falsecount="0"/>
    </file>
    <file name="piece.ts" path="C:\Users\57316\Desktop\Bootcamp_Jalasoft\Backend\TypeScript\classes-practice\src\piece.ts">
      <metrics statements="5" coveredstatements="4" conditionals="0" coveredconditionals="0" methods="2" coveredmethods="1"/>
      <line num="1" count="3" type="stmt"/>
      <line num="4" count="3" type="stmt"/>
      <line num="9" count="3" type="stmt"/>
      <line num="13" count="3" type="stmt"/>
      <line num="17" count="0" type="stmt"/>
    </file>
    <file name="position.ts" path="C:\Users\57316\Desktop\Bootcamp_Jalasoft\Backend\TypeScript\classes-practice\src\position.ts">
      <metrics statements="5" coveredstatements="5" conditionals="0" coveredconditionals="0" methods="3" coveredmethods="3"/>
      <line num="4" count="3" type="stmt"/>
      <line num="6" count="25" type="stmt"/>
      <line num="7" count="25" type="stmt"/>
      <line num="11" count="76" type="stmt"/>
      <line num="15" count="68" type="stmt"/>
    </file>
    <file name="queen.ts" path="C:\Users\57316\Desktop\Bootcamp_Jalasoft\Backend\TypeScript\classes-practice\src\queen.ts">
      <metrics statements="6" coveredstatements="6" conditionals="4" coveredconditionals="4" methods="1" coveredmethods="1"/>
      <line num="1" count="1" type="stmt"/>
      <line num="4" count="1" type="stmt"/>
      <line num="6" count="8" type="stmt"/>
      <line num="9" count="8" type="stmt"/>
      <line num="12" count="8" type="cond" truecount="2" falsecount="0"/>
      <line num="14" count="8" type="cond" truecount="2" falsecount="0"/>
    </file>
  </project>
</coverage>
