<?xml version="1.0" encoding="UTF-8"?>
<coverage generated="1650926393110" clover="3.2.0">
  <project timestamp="1650926393110" name="All files">
    <metrics statements="15" coveredstatements="14" conditionals="5" coveredconditionals="5" methods="6" coveredmethods="5" elements="26" coveredelements="24" complexity="0" loc="15" ncloc="15" packages="1" files="3" classes="3"/>
    <file name="king.ts" path="C:\Users\57316\Desktop\Bootcamp_Jalasoft\Backend_I\TypeScript\classes-practice\src\king.ts">
      <metrics statements="5" coveredstatements="5" conditionals="5" coveredconditionals="5" methods="1" coveredmethods="1"/>
      <line num="1" count="1" type="stmt"/>
      <line num="4" count="1" type="stmt"/>
      <line num="8" count="4" type="cond" truecount="3" falsecount="0"/>
      <line num="10" count="1" type="stmt"/>
      <line num="13" count="3" type="cond" truecount="2" falsecount="0"/>
    </file>
    <file name="piece.ts" path="C:\Users\57316\Desktop\Bootcamp_Jalasoft\Backend_I\TypeScript\classes-practice\src\piece.ts">
      <metrics statements="5" coveredstatements="4" conditionals="0" coveredconditionals="0" methods="2" coveredmethods="1"/>
      <line num="1" count="1" type="stmt"/>
      <line num="4" count="1" type="stmt"/>
      <line num="9" count="1" type="stmt"/>
      <line num="13" count="1" type="stmt"/>
      <line num="17" count="0" type="stmt"/>
    </file>
    <file name="position.ts" path="C:\Users\57316\Desktop\Bootcamp_Jalasoft\Backend_I\TypeScript\classes-practice\src\position.ts">
      <metrics statements="5" coveredstatements="5" conditionals="0" coveredconditionals="0" methods="3" coveredmethods="3"/>
      <line num="4" count="1" type="stmt"/>
      <line num="6" count="5" type="stmt"/>
      <line num="7" count="5" type="stmt"/>
      <line num="11" count="8" type="stmt"/>
      <line num="15" count="14" type="stmt"/>
    </file>
  </project>
</coverage>
