{"C:\\Users\\57316\\Desktop\\Bootcamp_Jalasoft\\Backend\\TypeScript\\classes-practice\\src\\bishop.ts": {"path":"C:\\Users\\57316\\Desktop\\Bootcamp_Jalasoft\\Backend\\TypeScript\\classes-practice\\src\\bishop.ts","statementMap":{"0":{"start":{"line":1,"column":0},"end":{"line":1,"column":28}},"1":{"start":{"line":7,"column":8},"end":{"line":8,"column":68}},"2":{"start":{"line":4,"column":0},"end":{"line":4,"column":21}}},"fnMap":{"0":{"name":"(anonymous_1)","decl":{"start":{"line":6,"column":4},"end":{"line":6,"column":11}},"loc":{"start":{"line":6,"column":35},"end":{"line":9,"column":5}}}},"branchMap":{},"s":{"0":1,"1":10,"2":1},"f":{"0":10},"b":{}}
,"C:\\Users\\57316\\Desktop\\Bootcamp_Jalasoft\\Backend\\TypeScript\\classes-practice\\src\\king.ts": {"path":"C:\\Users\\57316\\Desktop\\Bootcamp_Jalasoft\\Backend\\TypeScript\\classes-practice\\src\\king.ts","statementMap":{"0":{"start":{"line":1,"column":0},"end":{"line":1,"column":28}},"1":{"start":{"line":8,"column":8},"end":{"line":11,"column":null}},"2":{"start":{"line":10,"column":16},"end":{"line":10,"column":29}},"3":{"start":{"line":13,"column":8},"end":{"line":14,"column":null}},"4":{"start":{"line":4,"column":0},"end":{"line":4,"column":21}}},"fnMap":{"0":{"name":"(anonymous_1)","decl":{"start":{"line":6,"column":11},"end":{"line":6,"column":18}},"loc":{"start":{"line":6,"column":42},"end":{"line":15,"column":5}}}},"branchMap":{"0":{"loc":{"start":{"line":8,"column":8},"end":{"line":11,"column":null}},"type":"if","locations":[{"start":{"line":8,"column":8},"end":{"line":11,"column":null}}]},"1":{"loc":{"start":{"line":8,"column":12},"end":{"line":9,"column":65}},"type":"binary-expr","locations":[{"start":{"line":8,"column":12},"end":{"line":8,"column":62}},{"start":{"line":9,"column":15},"end":{"line":9,"column":65}}]},"2":{"loc":{"start":{"line":13,"column":16},"end":{"line":14,"column":103}},"type":"binary-expr","locations":[{"start":{"line":13,"column":16},"end":{"line":13,"column":80}},{"start":{"line":14,"column":11},"end":{"line":14,"column":103}}]}},"s":{"0":1,"1":4,"2":1,"3":3,"4":1},"f":{"0":4},"b":{"0":[1],"1":[4,2],"2":[3,2]}}
,"C:\\Users\\57316\\Desktop\\Bootcamp_Jalasoft\\Backend\\TypeScript\\classes-practice\\src\\piece.ts": {"path":"C:\\Users\\57316\\Desktop\\Bootcamp_Jalasoft\\Backend\\TypeScript\\classes-practice\\src\\piece.ts","statementMap":{"0":{"start":{"line":1,"column":0},"end":{"line":1,"column":34}},"1":{"start":{"line":9,"column":25},"end":{"line":9,"column":37}},"2":{"start":{"line":13,"column":8},"end":{"line":13,"column":49}},"3":{"start":{"line":17,"column":8},"end":{"line":17,"column":33}},"4":{"start":{"line":4,"column":0},"end":{"line":4,"column":30}}},"fnMap":{"0":{"name":"(anonymous_1)","decl":{"start":{"line":8,"column":4},"end":{"line":8,"column":null}},"loc":{"start":{"line":11,"column":18},"end":{"line":14,"column":5}}},"1":{"name":"(anonymous_2)","decl":{"start":{"line":16,"column":4},"end":{"line":16,"column":10}},"loc":{"start":{"line":16,"column":29},"end":{"line":18,"column":5}}}},"branchMap":{},"s":{"0":3,"1":3,"2":3,"3":0,"4":3},"f":{"0":3,"1":0},"b":{}}
,"C:\\Users\\57316\\Desktop\\Bootcamp_Jalasoft\\Backend\\TypeScript\\classes-practice\\src\\position.ts": {"path":"C:\\Users\\57316\\Desktop\\Bootcamp_Jalasoft\\Backend\\TypeScript\\classes-practice\\src\\position.ts","statementMap":{"0":{"start":{"line":6,"column":16},"end":{"line":6,"column":26}},"1":{"start":{"line":7,"column":16},"end":{"line":7,"column":26}},"2":{"start":{"line":11,"column":8},"end":{"line":11,"column":25}},"3":{"start":{"line":15,"column":8},"end":{"line":15,"column":25}},"4":{"start":{"line":4,"column":0},"end":{"line":4,"column":21}}},"fnMap":{"0":{"name":"(anonymous_0)","decl":{"start":{"line":5,"column":4},"end":{"line":5,"column":null}},"loc":{"start":{"line":7,"column":26},"end":{"line":8,"column":8}}},"1":{"name":"(anonymous_1)","decl":{"start":{"line":10,"column":11},"end":{"line":10,"column":18}},"loc":{"start":{"line":10,"column":18},"end":{"line":12,"column":5}}},"2":{"name":"(anonymous_2)","decl":{"start":{"line":14,"column":11},"end":{"line":14,"column":18}},"loc":{"start":{"line":14,"column":18},"end":{"line":16,"column":5}}}},"branchMap":{},"s":{"0":25,"1":25,"2":76,"3":68,"4":3},"f":{"0":25,"1":76,"2":68},"b":{}}
,"C:\\Users\\57316\\Desktop\\Bootcamp_Jalasoft\\Backend\\TypeScript\\classes-practice\\src\\queen.ts": {"path":"C:\\Users\\57316\\Desktop\\Bootcamp_Jalasoft\\Backend\\TypeScript\\classes-practice\\src\\queen.ts","statementMap":{"0":{"start":{"line":1,"column":0},"end":{"line":1,"column":28}},"1":{"start":{"line":6,"column":21},"end":{"line":7,"column":66}},"2":{"start":{"line":9,"column":19},"end":{"line":10,"column":81}},"3":{"start":{"line":12,"column":27},"end":{"line":12,"column":121}},"4":{"start":{"line":14,"column":8},"end":{"line":14,"column":61}},"5":{"start":{"line":4,"column":0},"end":{"line":4,"column":21}}},"fnMap":{"0":{"name":"(anonymous_1)","decl":{"start":{"line":5,"column":4},"end":{"line":5,"column":11}},"loc":{"start":{"line":5,"column":30},"end":{"line":15,"column":5}}}},"branchMap":{"0":{"loc":{"start":{"line":12,"column":27},"end":{"line":12,"column":121}},"type":"binary-expr","locations":[{"start":{"line":12,"column":27},"end":{"line":12,"column":72}},{"start":{"line":12,"column":76},"end":{"line":12,"column":121}}]},"1":{"loc":{"start":{"line":14,"column":15},"end":{"line":14,"column":60}},"type":"binary-expr","locations":[{"start":{"line":14,"column":16},"end":{"line":14,"column":43}},{"start":{"line":14,"column":48},"end":{"line":14,"column":60}}]}},"s":{"0":1,"1":8,"2":8,"3":8,"4":8,"5":1},"f":{"0":8},"b":{"0":[8,1],"1":[8,4]}}
}
