TN:
SF:src\king.ts
FN:6,(anonymous_1)
FNF:1
FNH:1
FNDA:4,(anonymous_1)
DA:1,1
DA:4,1
DA:8,4
DA:10,1
DA:13,3
LF:5
LH:5
BRDA:8,0,0,1
BRDA:8,1,0,4
BRDA:8,1,1,2
BRDA:13,2,0,3
BRDA:13,2,1,2
BRF:5
BRH:5
end_of_record
TN:
SF:src\piece.ts
FN:8,(anonymous_1)
FN:16,(anonymous_2)
FNF:2
FNH:1
FNDA:1,(anonymous_1)
FNDA:0,(anonymous_2)
DA:1,1
DA:4,1
DA:9,1
DA:13,1
DA:17,0
LF:5
LH:4
BRF:0
BRH:0
end_of_record
TN:
SF:src\position.ts
FN:5,(anonymous_0)
FN:10,(anonymous_1)
FN:14,(anonymous_2)
FNF:3
FNH:3
FNDA:5,(anonymous_0)
FNDA:8,(anonymous_1)
FNDA:14,(anonymous_2)
DA:4,1
DA:6,5
DA:7,5
DA:11,8
DA:15,14
LF:5
LH:5
BRF:0
BRH:0
end_of_record
