TN:
SF:src\bishop.ts
FN:6,(anonymous_1)
FNF:1
FNH:1
FNDA:10,(anonymous_1)
DA:1,1
DA:4,1
DA:7,10
LF:3
LH:3
BRF:0
BRH:0
end_of_record
TN:
SF:src\king.ts
FN:6,(anonymous_1)
FNF:1
FNH:1
FNDA:4,(anonymous_1)
DA:1,1
DA:4,1
DA:8,4
DA:10,1
DA:13,3
LF:5
LH:5
BRDA:8,0,0,1
BRDA:8,1,0,4
BRDA:8,1,1,2
BRDA:13,2,0,3
BRDA:13,2,1,2
BRF:5
BRH:5
end_of_record
TN:
SF:src\piece.ts
FN:8,(anonymous_1)
FN:16,(anonymous_2)
FNF:2
FNH:1
FNDA:3,(anonymous_1)
FNDA:0,(anonymous_2)
DA:1,3
DA:4,3
DA:9,3
DA:13,3
DA:17,0
LF:5
LH:4
BRF:0
BRH:0
end_of_record
TN:
SF:src\position.ts
FN:5,(anonymous_0)
FN:10,(anonymous_1)
FN:14,(anonymous_2)
FNF:3
FNH:3
FNDA:25,(anonymous_0)
FNDA:76,(anonymous_1)
FNDA:68,(anonymous_2)
DA:4,3
DA:6,25
DA:7,25
DA:11,76
DA:15,68
LF:5
LH:5
BRF:0
BRH:0
end_of_record
TN:
SF:src\queen.ts
FN:5,(anonymous_1)
FNF:1
FNH:1
FNDA:8,(anonymous_1)
DA:1,1
DA:4,1
DA:6,8
DA:9,8
DA:12,8
DA:14,8
LF:6
LH:6
BRDA:12,0,0,8
BRDA:12,0,1,1
BRDA:14,1,0,8
BRDA:14,1,1,4
BRF:4
BRH:4
end_of_record
